
=================================================================
MADMAD STUDIO - MONITOR BAT DAU: 23:13:16 24/5/2026
=================================================================
=================================================================
   MADMAD STUDIO  |  LIVE LOG MONITOR v2
=================================================================
Server : https://madmad-backend.vercel.app
Cap nhat moi: 8s  |  23:13:16 24/5/2026
File log     : C:\Users\doana\Desktop\madmad\MadMad\Fashion-eCommerce-Website\madmad-monitor.log
Nhan Ctrl+C de thoat.

[1] TRANG THAI HE THONG
-----------------------------------------------------------------
  [OK]  Backend root     HTTP 200  |  594ms  (NHANH)
  [OK]  Products API     HTTP 200  |  4187ms  (CHAM - nen kiem tra)
  [OK]  Orders API       HTTP 200  |  1607ms  (BINH THUONG)
  [OK]  Members API      HTTP 200  |  501ms  (NHANH)
  [OK]  Logs API         HTTP 200  |  753ms  (BINH THUONG)

[2] NHAT KY LOI THUC TE (tu khach hang & backend)
-----------------------------------------------------------------
  Tong hop 24 gio qua: Tong=0  |  CRITICAL:0  LOI:0  |  CANH BAO:0  |  INFO:0
  Khong co loi nghiem trong trong 24 gio qua. He thong on dinh!

  [OK] Chua co log nao duoc ghi nhan.

[3] THONG KE DON HANG
-----------------------------------------------------------------
  Tong don hang  : 18
  Don hom nay    : 2
  Cho xac nhan   : 5
  Dang xu ly     : 8
  Dang giao hang : 1
  Hoan thanh     : 3
  Da huy         : 1
  Chua thanh toan: 13  <-- Nen theo doi!
  Doanh thu (HT) : 1.460.000d

  Don can xu ly ngay:
    - DH202605243520  |  Đoàn Anh tiến  |  736.200d  |  23:12:47 24/5/2026
    - DH202605248469  |  Thuỳ Q8  |  690.000d  |  22:41:48 24/5/2026
    - DH202605207831  |  Đoàn Anh tiến  |  373.000d  |  17:02:18 20/5/2026
    - DH20260518705  |  thuỳ  |  700.000d  |  17:18:04 18/5/2026
    - DH20260518963  |  Đoàn Anh Tiến  |  380.000d  |  13:19:43 18/5/2026

=================================================================
Dang theo doi... Cap nhat sau 8s.  [Ctrl+C de thoat]
=================================================================
   MADMAD STUDIO  |  LIVE LOG MONITOR v2
=================================================================
Server : https://madmad-backend.vercel.app
Cap nhat moi: 8s  |  23:13:37 24/5/2026
File log     : C:\Users\doana\Desktop\madmad\MadMad\Fashion-eCommerce-Website\madmad-monitor.log
Nhan Ctrl+C de thoat.

[1] TRANG THAI HE THONG
-----------------------------------------------------------------
  [OK]  Backend root     HTTP 200  |  320ms  (NHANH)
  [OK]  Products API     HTTP 200  |  3925ms  (CHAM - nen kiem tra)
  [OK]  Orders API       HTTP 200  |  1690ms  (BINH THUONG)
  [OK]  Members API      HTTP 200  |  724ms  (BINH THUONG)
  [OK]  Logs API         HTTP 200  |  721ms  (BINH THUONG)

[2] NHAT KY LOI THUC TE (tu khach hang & backend)
-----------------------------------------------------------------
=================================================================
   MADMAD STUDIO  |  LIVE LOG MONITOR v2
=================================================================
Server : https://madmad-backend.vercel.app
Cap nhat moi: 8s  |  23:13:45 24/5/2026
File log     : C:\Users\doana\Desktop\madmad\MadMad\Fashion-eCommerce-Website\madmad-monitor.log
Nhan Ctrl+C de thoat.

[1] TRANG THAI HE THONG
-----------------------------------------------------------------
  [OK]  Backend root     HTTP 200  |  300ms  (NHANH)
  Tong hop 24 gio qua: Tong=0  |  CRITICAL:0  LOI:0  |  CANH BAO:0  |  INFO:0
  Khong co loi nghiem trong trong 24 gio qua. He thong on dinh!

  [OK] Chua co log nao duoc ghi nhan.

[3] THONG KE DON HANG
-----------------------------------------------------------------
  [OK]  Products API     HTTP 200  |  3268ms  (CHAM - nen kiem tra)
  Tong don hang  : 18
  Don hom nay    : 2
  Cho xac nhan   : 5
  Dang xu ly     : 8
  Dang giao hang : 1
  Hoan thanh     : 3
  Da huy         : 1
  Chua thanh toan: 13  <-- Nen theo doi!
  Doanh thu (HT) : 1.460.000d

  Don can xu ly ngay:
    - DH202605243520  |  Đoàn Anh tiến  |  736.200d  |  23:12:47 24/5/2026
    - DH202605248469  |  Thuỳ Q8  |  690.000d  |  22:41:48 24/5/2026
    - DH202605207831  |  Đoàn Anh tiến  |  373.000d  |  17:02:18 20/5/2026
    - DH20260518705  |  thuỳ  |  700.000d  |  17:18:04 18/5/2026
    - DH20260518963  |  Đoàn Anh Tiến  |  380.000d  |  13:19:43 18/5/2026

=================================================================
Dang theo doi... Cap nhat sau 8s.  [Ctrl+C de thoat]
  [OK]  Orders API       HTTP 200  |  2287ms  (CHAM - nen kiem tra)
  [OK]  Members API      HTTP 200  |  492ms  (NHANH)
  [OK]  Logs API         HTTP 200  |  481ms  (NHANH)

[2] NHAT KY LOI THUC TE (tu khach hang & backend)
-----------------------------------------------------------------
  Tong hop 24 gio qua: Tong=0  |  CRITICAL:0  LOI:0  |  CANH BAO:0  |  INFO:0
  Khong co loi nghiem trong trong 24 gio qua. He thong on dinh!

  [OK] Chua co log nao duoc ghi nhan.

[3] THONG KE DON HANG
-----------------------------------------------------------------
=================================================================
   MADMAD STUDIO  |  LIVE LOG MONITOR v2
=================================================================
Server : https://madmad-backend.vercel.app
Cap nhat moi: 8s  |  23:13:53 24/5/2026
File log     : C:\Users\doana\Desktop\madmad\MadMad\Fashion-eCommerce-Website\madmad-monitor.log
Nhan Ctrl+C de thoat.

[1] TRANG THAI HE THONG
-----------------------------------------------------------------
  [OK]  Backend root     HTTP 200  |  267ms  (NHANH)
  Tong don hang  : 18
  Don hom nay    : 2
  Cho xac nhan   : 5
  Dang xu ly     : 8
  Dang giao hang : 1
  Hoan thanh     : 3
  Da huy         : 1
  Chua thanh toan: 13  <-- Nen theo doi!
  Doanh thu (HT) : 1.460.000d

  Don can xu ly ngay:
    - DH202605243520  |  Đoàn Anh tiến  |  736.200d  |  23:12:47 24/5/2026
    - DH202605248469  |  Thuỳ Q8  |  690.000d  |  22:41:48 24/5/2026
    - DH202605207831  |  Đoàn Anh tiến  |  373.000d  |  17:02:18 20/5/2026
    - DH20260518705  |  thuỳ  |  700.000d  |  17:18:04 18/5/2026
    - DH20260518963  |  Đoàn Anh Tiến  |  380.000d  |  13:19:43 18/5/2026

=================================================================
Dang theo doi... Cap nhat sau 8s.  [Ctrl+C de thoat]
  [OK]  Products API     HTTP 200  |  3769ms  (CHAM - nen kiem tra)
  [OK]  Orders API       HTTP 200  |  2639ms  (CHAM - nen kiem tra)
  [OK]  Members API      HTTP 200  |  494ms  (NHANH)
  [OK]  Logs API         HTTP 200  |  725ms  (BINH THUONG)

[2] NHAT KY LOI THUC TE (tu khach hang & backend)
-----------------------------------------------------------------
=================================================================
   MADMAD STUDIO  |  LIVE LOG MONITOR v2
=================================================================
Server : https://madmad-backend.vercel.app
Cap nhat moi: 8s  |  23:14:01 24/5/2026
File log     : C:\Users\doana\Desktop\madmad\MadMad\Fashion-eCommerce-Website\madmad-monitor.log
Nhan Ctrl+C de thoat.

[1] TRANG THAI HE THONG
-----------------------------------------------------------------
  [OK]  Backend root     HTTP 200  |  309ms  (NHANH)
  Tong hop 24 gio qua: Tong=0  |  CRITICAL:0  LOI:0  |  CANH BAO:0  |  INFO:0
  Khong co loi nghiem trong trong 24 gio qua. He thong on dinh!

  [OK] Chua co log nao duoc ghi nhan.

[3] THONG KE DON HANG
-----------------------------------------------------------------
  Tong don hang  : 18
  Don hom nay    : 2
  Cho xac nhan   : 5
  Dang xu ly     : 8
  Dang giao hang : 1
  Hoan thanh     : 3
  Da huy         : 1
  Chua thanh toan: 13  <-- Nen theo doi!
  Doanh thu (HT) : 1.460.000d

  Don can xu ly ngay:
    - DH202605243520  |  Đoàn Anh tiến  |  736.200d  |  23:12:47 24/5/2026
    - DH202605248469  |  Thuỳ Q8  |  690.000d  |  22:41:48 24/5/2026
    - DH202605207831  |  Đoàn Anh tiến  |  373.000d  |  17:02:18 20/5/2026
    - DH20260518705  |  thuỳ  |  700.000d  |  17:18:04 18/5/2026
    - DH20260518963  |  Đoàn Anh Tiến  |  380.000d  |  13:19:43 18/5/2026

=================================================================
Dang theo doi... Cap nhat sau 8s.  [Ctrl+C de thoat]
  [OK]  Products API     HTTP 200  |  3948ms  (CHAM - nen kiem tra)
  [OK]  Orders API       HTTP 200  |  1861ms  (BINH THUONG)
  [OK]  Members API      HTTP 200  |  704ms  (BINH THUONG)
  [OK]  Logs API         HTTP 200  |  487ms  (NHANH)

[2] NHAT KY LOI THUC TE (tu khach hang & backend)
-----------------------------------------------------------------
=================================================================
   MADMAD STUDIO  |  LIVE LOG MONITOR v2
=================================================================
Server : https://madmad-backend.vercel.app
Cap nhat moi: 8s  |  23:14:09 24/5/2026
File log     : C:\Users\doana\Desktop\madmad\MadMad\Fashion-eCommerce-Website\madmad-monitor.log
Nhan Ctrl+C de thoat.

[1] TRANG THAI HE THONG
-----------------------------------------------------------------
  [OK]  Backend root     HTTP 200  |  304ms  (NHANH)
  Tong hop 24 gio qua: Tong=0  |  CRITICAL:0  LOI:0  |  CANH BAO:0  |  INFO:0
  Khong co loi nghiem trong trong 24 gio qua. He thong on dinh!

  [OK] Chua co log nao duoc ghi nhan.

[3] THONG KE DON HANG
-----------------------------------------------------------------
  Tong don hang  : 18
  Don hom nay    : 2
  Cho xac nhan   : 5
  Dang xu ly     : 8
  Dang giao hang : 1
  Hoan thanh     : 3
  Da huy         : 1
  Chua thanh toan: 13  <-- Nen theo doi!
  Doanh thu (HT) : 1.460.000d

  Don can xu ly ngay:
    - DH202605243520  |  Đoàn Anh tiến  |  736.200d  |  23:12:47 24/5/2026
    - DH202605248469  |  Thuỳ Q8  |  690.000d  |  22:41:48 24/5/2026
    - DH202605207831  |  Đoàn Anh tiến  |  373.000d  |  17:02:18 20/5/2026
    - DH20260518705  |  thuỳ  |  700.000d  |  17:18:04 18/5/2026
    - DH20260518963  |  Đoàn Anh Tiến  |  380.000d  |  13:19:43 18/5/2026

=================================================================
Dang theo doi... Cap nhat sau 8s.  [Ctrl+C de thoat]
  [OK]  Products API     HTTP 200  |  3893ms  (CHAM - nen kiem tra)
  [OK]  Orders API       HTTP 200  |  1982ms  (BINH THUONG)
  [OK]  Members API      HTTP 200  |  477ms  (NHANH)
  [OK]  Logs API         HTTP 200  |  950ms  (BINH THUONG)

[2] NHAT KY LOI THUC TE (tu khach hang & backend)
-----------------------------------------------------------------
=================================================================
   MADMAD STUDIO  |  LIVE LOG MONITOR v2
=================================================================
Server : https://madmad-backend.vercel.app
Cap nhat moi: 8s  |  23:14:17 24/5/2026
File log     : C:\Users\doana\Desktop\madmad\MadMad\Fashion-eCommerce-Website\madmad-monitor.log
Nhan Ctrl+C de thoat.

[1] TRANG THAI HE THONG
-----------------------------------------------------------------
  [OK]  Backend root     HTTP 200  |  318ms  (NHANH)
  Tong hop 24 gio qua: Tong=0  |  CRITICAL:0  LOI:0  |  CANH BAO:0  |  INFO:0
  Khong co loi nghiem trong trong 24 gio qua. He thong on dinh!

  [OK] Chua co log nao duoc ghi nhan.

[3] THONG KE DON HANG
-----------------------------------------------------------------
  Tong don hang  : 18
  Don hom nay    : 2
  Cho xac nhan   : 5
  Dang xu ly     : 8
  Dang giao hang : 1
  Hoan thanh     : 3
  Da huy         : 1
  Chua thanh toan: 13  <-- Nen theo doi!
  Doanh thu (HT) : 1.460.000d

  Don can xu ly ngay:
    - DH202605243520  |  Đoàn Anh tiến  |  736.200d  |  23:12:47 24/5/2026
    - DH202605248469  |  Thuỳ Q8  |  690.000d  |  22:41:48 24/5/2026
    - DH202605207831  |  Đoàn Anh tiến  |  373.000d  |  17:02:18 20/5/2026
    - DH20260518705  |  thuỳ  |  700.000d  |  17:18:04 18/5/2026
    - DH20260518963  |  Đoàn Anh Tiến  |  380.000d  |  13:19:43 18/5/2026

=================================================================
Dang theo doi... Cap nhat sau 8s.  [Ctrl+C de thoat]
  [OK]  Products API     HTTP 200  |  3778ms  (CHAM - nen kiem tra)
  [OK]  Orders API       HTTP 200  |  2085ms  (CHAM - nen kiem tra)
  [OK]  Members API      HTTP 200  |  507ms  (NHANH)
  [OK]  Logs API         HTTP 200  |  493ms  (NHANH)

[2] NHAT KY LOI THUC TE (tu khach hang & backend)
-----------------------------------------------------------------
  Tong hop 24 gio qua: Tong=0  |  CRITICAL:0  LOI:0  |  CANH BAO:0  |  INFO:0
  Khong co loi nghiem trong trong 24 gio qua. He thong on dinh!

  [OK] Chua co log nao duoc ghi nhan.

[3] THONG KE DON HANG
-----------------------------------------------------------------
=================================================================
   MADMAD STUDIO  |  LIVE LOG MONITOR v2
=================================================================
Server : https://madmad-backend.vercel.app
Cap nhat moi: 8s  |  23:14:25 24/5/2026
File log     : C:\Users\doana\Desktop\madmad\MadMad\Fashion-eCommerce-Website\madmad-monitor.log
Nhan Ctrl+C de thoat.

[1] TRANG THAI HE THONG
-----------------------------------------------------------------
  [OK]  Backend root     HTTP 200  |  257ms  (NHANH)

=================================================================
MADMAD STUDIO - MONITOR BAT DAU: 23:22:34 24/5/2026
=================================================================
=================================================================
   MADMAD STUDIO  |  LIVE LOG MONITOR v2.1
=================================================================
Server  : https://madmad-backend.vercel.app
Trangthai: DANG HOAT DONG (MONITORING...) | Cap nhat: 8s
Bo loc  : Level=ALL | Source=ALL | Limit=15
Phim tat: [Space/P] Pause/Resume | [R] Refresh | [L] Level | [S] Source | [+/-] Limit | [C] Clear Log File
File log: C:\Users\doana\Desktop\madmad\MadMad\Fashion-eCommerce-Website\madmad-monitor.log

[1] TRANG THAI HE THONG
-----------------------------------------------------------------
  [OK]  Backend root     HTTP 200  |  634ms  (BINH THUONG)
  [OK]  Products API     HTTP 200  |  4231ms  (CHAM - can toi uu payload/base64)
  [OK]  Orders API       HTTP 200  |  3855ms  (CHAM - can toi uu payload/base64)
  [OK]  Members API      HTTP 200  |  689ms  (BINH THUONG)
  [OK]  Logs API         HTTP 200  |  700ms  (BINH THUONG)

[2] NHAT KY LOI HE THONG & KHACH HANG
-----------------------------------------------------------------
  Tong hop 24 gio qua: Tong=0  |  CRITICAL:0  LOI:0  |  CANH BAO:0  |  INFO:0
  Khong co loi nghiem trong trong 24 gio qua. He thong on dinh!

  [OK] Khong tim thay log nao phu hop bo loc.

[3] THONG KE DON HANG
-----------------------------------------------------------------
  Tong don hang  : 18
  Don hom nay    : 2
  Cho xac nhan   : 5
  Dang xu ly     : 8
  Dang giao hang : 1
  Hoan thanh     : 3
  Da huy         : 1
  Chua thanh toan: 13  <-- Nen theo doi!
  Doanh thu (HT) : 1.460.000d

  Don can xu ly ngay:
    - DH202605243520  |  Đoàn Anh tiến  |  736.200d  |  23:12:47 24/5/2026
    - DH202605248469  |  Thuỳ Q8  |  690.000d  |  22:41:48 24/5/2026
    - DH202605207831  |  Đoàn Anh tiến  |  373.000d  |  17:02:18 20/5/2026
    - DH20260518705  |  thuỳ  |  700.000d  |  17:18:04 18/5/2026
    - DH20260518963  |  Đoàn Anh Tiến  |  380.000d  |  13:19:43 18/5/2026

=================================================================
Dang theo doi... Cap nhat sau 8s. [Q hoac Ctrl+C de thoat]

=================================================================
MADMAD STUDIO - MONITOR BAT DAU: 23:24:55 24/5/2026
=================================================================
=================================================================
   MADMAD STUDIO  |  LIVE LOG MONITOR v2.1
=================================================================
Server  : https://madmad-backend.vercel.app
Trangthai: DANG HOAT DONG (MONITORING...) | Cap nhat: 8s
Bo loc  : Level=ALL | Source=ALL | Limit=15
Phim tat: [Space/P] Pause/Resume | [R] Refresh | [L] Level | [S] Source | [+/-] Limit | [C] Clear Log File
File log: C:\Users\doana\Desktop\madmad\MadMad\Fashion-eCommerce-Website\madmad-monitor.log

[1] TRANG THAI HE THONG
-----------------------------------------------------------------
  [OK]  Backend root     HTTP 200  |  605ms  (BINH THUONG)
  [OK]  Products API     HTTP 200  |  4924ms  (CHAM - can toi uu payload/base64)
  [OK]  Orders API       HTTP 200  |  1837ms  (BINH THUONG)
  [OK]  Members API      HTTP 200  |  722ms  (BINH THUONG)
  [OK]  Logs API         HTTP 200  |  711ms  (BINH THUONG)

[2] NHAT KY LOI HE THONG & KHACH HANG
-----------------------------------------------------------------
  Tong hop 24 gio qua: Tong=0  |  CRITICAL:0  LOI:0  |  CANH BAO:0  |  INFO:0
  Khong co loi nghiem trong trong 24 gio qua. He thong on dinh!

  [OK] Khong tim thay log nao phu hop bo loc.

[3] THONG KE DON HANG
-----------------------------------------------------------------
  Tong don hang  : 18
  Don hom nay    : 2
  Cho xac nhan   : 5
  Dang xu ly     : 8
  Dang giao hang : 1
  Hoan thanh     : 3
  Da huy         : 1
  Chua thanh toan: 13  <-- Nen theo doi!
  Doanh thu (HT) : 1.460.000d

  Don can xu ly ngay:
    - DH202605243520  |  Đoàn Anh tiến  |  736.200d  |  23:12:47 24/5/2026
    - DH202605248469  |  Thuỳ Q8  |  690.000d  |  22:41:48 24/5/2026
    - DH202605207831  |  Đoàn Anh tiến  |  373.000d  |  17:02:18 20/5/2026
    - DH20260518705  |  thuỳ  |  700.000d  |  17:18:04 18/5/2026
    - DH20260518963  |  Đoàn Anh Tiến  |  380.000d  |  13:19:43 18/5/2026

=================================================================
Dang theo doi... Cap nhat sau 8s. [Q hoac Ctrl+C de thoat]

=================================================================
MADMAD STUDIO - MONITOR BAT DAU: 00:20:36 25/5/2026
=================================================================
=================================================================
   MADMAD STUDIO  |  LIVE LOG MONITOR v2.1
=================================================================
Server  : https://madmad-backend.vercel.app
Trangthai: DANG HOAT DONG (MONITORING...) | Cap nhat: 8s
Bo loc  : Level=ALL | Source=ALL | Limit=15
Phim tat: [Space/P] Pause/Resume | [R] Refresh | [L] Level | [S] Source | [+/-] Limit | [C] Clear Log File
File log: C:\Users\doana\Desktop\madmad\MadMad\Fashion-eCommerce-Website\madmad-monitor.log

[1] TRANG THAI HE THONG
-----------------------------------------------------------------
  [!!! KHONG PHAN HOI] Backend root     TIMEOUT 9020ms
[CRITICAL] 00:20:45 25/5/2026 Backend root TIMEOUT 9020ms
  [OK]  Products API     HTTP 200  |  808ms  (BINH THUONG)
  [OK]  Orders API       HTTP 200  |  743ms  (BINH THUONG)
  [OK]  Members API      HTTP 200  |  511ms  (NHANH)
  [OK]  Logs API         HTTP 200  |  926ms  (BINH THUONG)

[2] NHAT KY LOI HE THONG & KHACH HANG
-----------------------------------------------------------------
  Tong hop 24 gio qua: Tong=0  |  CRITICAL:0  LOI:0  |  CANH BAO:0  |  INFO:0
  Khong co loi nghiem trong trong 24 gio qua. He thong on dinh!

  [OK] Khong tim thay log nao phu hop bo loc.

[3] THONG KE DON HANG
-----------------------------------------------------------------
  Tong don hang  : 18
  Don hom nay    : 0
  Cho xac nhan   : 5
  Dang xu ly     : 8
  Dang giao hang : 1
  Hoan thanh     : 3
  Da huy         : 1
  Chua thanh toan: 13  <-- Nen theo doi!
  Doanh thu (HT) : 1.460.000d

  Don can xu ly ngay:
    - DH202605243520  |  Đoàn Anh tiến  |  736.200d  |  23:12:47 24/5/2026
    - DH202605248469  |  Thuỳ Q8  |  690.000d  |  22:41:48 24/5/2026
    - DH202605207831  |  Đoàn Anh tiến  |  373.000d  |  17:02:18 20/5/2026
    - DH20260518705  |  thuỳ  |  700.000d  |  17:18:04 18/5/2026
    - DH20260518963  |  Đoàn Anh Tiến  |  380.000d  |  13:19:43 18/5/2026

=================================================================
Dang theo doi... Cap nhat sau 8s. [Q hoac Ctrl+C de thoat]
=================================================================
   MADMAD STUDIO  |  LIVE LOG MONITOR v2.1
=================================================================
Server  : https://madmad-backend.vercel.app
Trangthai: DANG HOAT DONG (MONITORING...) | Cap nhat: 8s
Bo loc  : Level=ALL | Source=ALL | Limit=15
Phim tat: [Space/P] Pause/Resume | [R] Refresh | [L] Level | [S] Source | [+/-] Limit | [C] Clear Log File
File log: C:\Users\doana\Desktop\madmad\MadMad\Fashion-eCommerce-Website\madmad-monitor.log

[1] TRANG THAI HE THONG
-----------------------------------------------------------------
=================================================================
   MADMAD STUDIO  |  LIVE LOG MONITOR v2.1
=================================================================
Server  : https://madmad-backend.vercel.app
Trangthai: DANG HOAT DONG (MONITORING...) | Cap nhat: 8s
Bo loc  : Level=ALL | Source=ALL | Limit=15
Phim tat: [Space/P] Pause/Resume | [R] Refresh | [L] Level | [S] Source | [+/-] Limit | [C] Clear Log File
File log: C:\Users\doana\Desktop\madmad\MadMad\Fashion-eCommerce-Website\madmad-monitor.log

[1] TRANG THAI HE THONG
-----------------------------------------------------------------
  [OK]  Backend root     HTTP 200  |  607ms  (BINH THUONG)
  [!!! KHONG PHAN HOI] Backend root     TIMEOUT 9005ms
[CRITICAL] 00:21:09 25/5/2026 Backend root TIMEOUT 9005ms
  [OK]  Products API     HTTP 200  |  928ms  (BINH THUONG)
  [OK]  Orders API       HTTP 200  |  709ms  (BINH THUONG)
  [OK]  Members API      HTTP 200  |  473ms  (NHANH)
  [OK]  Products API     HTTP 200  |  2063ms  (CHAM - can toi uu payload/base64)
  [OK]  Logs API         HTTP 200  |  713ms  (BINH THUONG)

[2] NHAT KY LOI HE THONG & KHACH HANG
-----------------------------------------------------------------
  [OK]  Orders API       HTTP 200  |  1349ms  (BINH THUONG)
  [OK]  Members API      HTTP 200  |  604ms  (BINH THUONG)
  [OK]  Logs API         HTTP 200  |  484ms  (NHANH)

[2] NHAT KY LOI HE THONG & KHACH HANG
-----------------------------------------------------------------
  Tong hop 24 gio qua: Tong=0  |  CRITICAL:0  LOI:0  |  CANH BAO:0  |  INFO:0
  Khong co loi nghiem trong trong 24 gio qua. He thong on dinh!

  [OK] Khong tim thay log nao phu hop bo loc.

[3] THONG KE DON HANG
-----------------------------------------------------------------
  Tong don hang  : 18
  Don hom nay    : 0
  Cho xac nhan   : 5
  Dang xu ly     : 8
  Dang giao hang : 1
  Hoan thanh     : 3
  Da huy         : 1
  Chua thanh toan: 13  <-- Nen theo doi!
  Doanh thu (HT) : 1.460.000d

  Don can xu ly ngay:
    - DH202605243520  |  Đoàn Anh tiến  |  736.200d  |  23:12:47 24/5/2026
    - DH202605248469  |  Thuỳ Q8  |  690.000d  |  22:41:48 24/5/2026
    - DH202605207831  |  Đoàn Anh tiến  |  373.000d  |  17:02:18 20/5/2026
    - DH20260518705  |  thuỳ  |  700.000d  |  17:18:04 18/5/2026
    - DH20260518963  |  Đoàn Anh Tiến  |  380.000d  |  13:19:43 18/5/2026

=================================================================
Dang theo doi... Cap nhat sau 8s. [Q hoac Ctrl+C de thoat]
  Tong hop 24 gio qua: Tong=0  |  CRITICAL:0  LOI:0  |  CANH BAO:0  |  INFO:0
  Khong co loi nghiem trong trong 24 gio qua. He thong on dinh!

  [OK] Khong tim thay log nao phu hop bo loc.

[3] THONG KE DON HANG
-----------------------------------------------------------------
  Tong don hang  : 18
  Don hom nay    : 0
  Cho xac nhan   : 5
  Dang xu ly     : 8
  Dang giao hang : 1
  Hoan thanh     : 3
  Da huy         : 1
  Chua thanh toan: 13  <-- Nen theo doi!
  Doanh thu (HT) : 1.460.000d

  Don can xu ly ngay:
    - DH202605243520  |  Đoàn Anh tiến  |  736.200d  |  23:12:47 24/5/2026
    - DH202605248469  |  Thuỳ Q8  |  690.000d  |  22:41:48 24/5/2026
    - DH202605207831  |  Đoàn Anh tiến  |  373.000d  |  17:02:18 20/5/2026
    - DH20260518705  |  thuỳ  |  700.000d  |  17:18:04 18/5/2026
    - DH20260518963  |  Đoàn Anh Tiến  |  380.000d  |  13:19:43 18/5/2026

=================================================================
Dang theo doi... Cap nhat sau 8s. [Q hoac Ctrl+C de thoat]
=================================================================
   MADMAD STUDIO  |  LIVE LOG MONITOR v2.1
=================================================================
Server  : https://madmad-backend.vercel.app
Trangthai: DANG HOAT DONG (MONITORING...) | Cap nhat: 8s
Bo loc  : Level=ALL | Source=ALL | Limit=15
Phim tat: [Space/P] Pause/Resume | [R] Refresh | [L] Level | [S] Source | [+/-] Limit | [C] Clear Log File
File log: C:\Users\doana\Desktop\madmad\MadMad\Fashion-eCommerce-Website\madmad-monitor.log

[1] TRANG THAI HE THONG
-----------------------------------------------------------------
  [OK]  Backend root     HTTP 200  |  281ms  (NHANH)
  [OK]  Products API     HTTP 200  |  713ms  (BINH THUONG)
  [OK]  Orders API       HTTP 200  |  914ms  (BINH THUONG)
  [OK]  Members API      HTTP 200  |  469ms  (NHANH)
  [OK]  Logs API         HTTP 200  |  683ms  (BINH THUONG)

[2] NHAT KY LOI HE THONG & KHACH HANG
-----------------------------------------------------------------
  Tong hop 24 gio qua: Tong=0  |  CRITICAL:0  LOI:0  |  CANH BAO:0  |  INFO:0
  Khong co loi nghiem trong trong 24 gio qua. He thong on dinh!

  [OK] Khong tim thay log nao phu hop bo loc.

[3] THONG KE DON HANG
-----------------------------------------------------------------
  Tong don hang  : 18
  Don hom nay    : 0
  Cho xac nhan   : 5
  Dang xu ly     : 8
  Dang giao hang : 1
  Hoan thanh     : 3
  Da huy         : 1
  Chua thanh toan: 13  <-- Nen theo doi!
  Doanh thu (HT) : 1.460.000d

  Don can xu ly ngay:
    - DH202605243520  |  Đoàn Anh tiến  |  736.200d  |  23:12:47 24/5/2026
    - DH202605248469  |  Thuỳ Q8  |  690.000d  |  22:41:48 24/5/2026
    - DH202605207831  |  Đoàn Anh tiến  |  373.000d  |  17:02:18 20/5/2026
    - DH20260518705  |  thuỳ  |  700.000d  |  17:18:04 18/5/2026
    - DH20260518963  |  Đoàn Anh Tiến  |  380.000d  |  13:19:43 18/5/2026

=================================================================
Dang theo doi... Cap nhat sau 8s. [Q hoac Ctrl+C de thoat]
=================================================================
   MADMAD STUDIO  |  LIVE LOG MONITOR v2.1
=================================================================
Server  : https://madmad-backend.vercel.app
Trangthai: DANG HOAT DONG (MONITORING...) | Cap nhat: 8s
Bo loc  : Level=ALL | Source=ALL | Limit=15
Phim tat: [Space/P] Pause/Resume | [R] Refresh | [L] Level | [S] Source | [+/-] Limit | [C] Clear Log File
File log: C:\Users\doana\Desktop\madmad\MadMad\Fashion-eCommerce-Website\madmad-monitor.log

[1] TRANG THAI HE THONG
-----------------------------------------------------------------
  [OK]  Backend root     HTTP 200  |  258ms  (NHANH)
  [OK]  Products API     HTTP 200  |  498ms  (NHANH)
  [OK]  Orders API       HTTP 200  |  730ms  (BINH THUONG)
  [OK]  Members API      HTTP 200  |  504ms  (NHANH)
  [OK]  Logs API         HTTP 200  |  722ms  (BINH THUONG)

[2] NHAT KY LOI HE THONG & KHACH HANG
-----------------------------------------------------------------
  Tong hop 24 gio qua: Tong=0  |  CRITICAL:0  LOI:0  |  CANH BAO:0  |  INFO:0
  Khong co loi nghiem trong trong 24 gio qua. He thong on dinh!

  [OK] Khong tim thay log nao phu hop bo loc.

[3] THONG KE DON HANG
-----------------------------------------------------------------
  Tong don hang  : 18
  Don hom nay    : 0
  Cho xac nhan   : 5
  Dang xu ly     : 8
  Dang giao hang : 1
  Hoan thanh     : 3
  Da huy         : 1
  Chua thanh toan: 13  <-- Nen theo doi!
  Doanh thu (HT) : 1.460.000d

  Don can xu ly ngay:
    - DH202605243520  |  Đoàn Anh tiến  |  736.200d  |  23:12:47 24/5/2026
    - DH202605248469  |  Thuỳ Q8  |  690.000d  |  22:41:48 24/5/2026
    - DH202605207831  |  Đoàn Anh tiến  |  373.000d  |  17:02:18 20/5/2026
    - DH20260518705  |  thuỳ  |  700.000d  |  17:18:04 18/5/2026
    - DH20260518963  |  Đoàn Anh Tiến  |  380.000d  |  13:19:43 18/5/2026

=================================================================
Dang theo doi... Cap nhat sau 8s. [Q hoac Ctrl+C de thoat]
=================================================================
   MADMAD STUDIO  |  LIVE LOG MONITOR v2.1
=================================================================
Server  : https://madmad-backend.vercel.app
Trangthai: DANG HOAT DONG (MONITORING...) | Cap nhat: 8s
Bo loc  : Level=ALL | Source=ALL | Limit=15
Phim tat: [Space/P] Pause/Resume | [R] Refresh | [L] Level | [S] Source | [+/-] Limit | [C] Clear Log File
File log: C:\Users\doana\Desktop\madmad\MadMad\Fashion-eCommerce-Website\madmad-monitor.log

[1] TRANG THAI HE THONG
-----------------------------------------------------------------
  [OK]  Backend root     HTTP 200  |  272ms  (NHANH)
  [OK]  Products API     HTTP 200  |  3566ms  (CHAM - can toi uu payload/base64)
  [OK]  Orders API       HTTP 200  |  2473ms  (CHAM - can toi uu payload/base64)
  [OK]  Members API      HTTP 200  |  693ms  (BINH THUONG)
  [OK]  Logs API         HTTP 200  |  686ms  (BINH THUONG)

[2] NHAT KY LOI HE THONG & KHACH HANG
-----------------------------------------------------------------
=================================================================
   MADMAD STUDIO  |  LIVE LOG MONITOR v2.1
=================================================================
Server  : https://madmad-backend.vercel.app
Trangthai: DANG HOAT DONG (MONITORING...) | Cap nhat: 8s
Bo loc  : Level=ALL | Source=ALL | Limit=15
Phim tat: [Space/P] Pause/Resume | [R] Refresh | [L] Level | [S] Source | [+/-] Limit | [C] Clear Log File
File log: C:\Users\doana\Desktop\madmad\MadMad\Fashion-eCommerce-Website\madmad-monitor.log

[1] TRANG THAI HE THONG
-----------------------------------------------------------------
  [OK]  Backend root     HTTP 200  |  580ms  (NHANH)
  Tong hop 24 gio qua: Tong=0  |  CRITICAL:0  LOI:0  |  CANH BAO:0  |  INFO:0
  Khong co loi nghiem trong trong 24 gio qua. He thong on dinh!

  [OK] Khong tim thay log nao phu hop bo loc.

[3] THONG KE DON HANG
-----------------------------------------------------------------
  [OK]  Products API     HTTP 200  |  687ms  (BINH THUONG)
  Tong don hang  : 18
  Don hom nay    : 0
  Cho xac nhan   : 5
  Dang xu ly     : 8
  Dang giao hang : 1
  Hoan thanh     : 3
  Da huy         : 1
  Chua thanh toan: 13  <-- Nen theo doi!
  Doanh thu (HT) : 1.460.000d

  Don can xu ly ngay:
    - DH202605243520  |  Đoàn Anh tiến  |  736.200d  |  23:12:47 24/5/2026
    - DH202605248469  |  Thuỳ Q8  |  690.000d  |  22:41:48 24/5/2026
    - DH202605207831  |  Đoàn Anh tiến  |  373.000d  |  17:02:18 20/5/2026
    - DH20260518705  |  thuỳ  |  700.000d  |  17:18:04 18/5/2026
    - DH20260518963  |  Đoàn Anh Tiến  |  380.000d  |  13:19:43 18/5/2026

=================================================================
Dang theo doi... Cap nhat sau 8s. [Q hoac Ctrl+C de thoat]
  [OK]  Orders API       HTTP 200  |  680ms  (BINH THUONG)
  [OK]  Members API      HTTP 200  |  2108ms  (CHAM - can toi uu payload/base64)
  [OK]  Logs API         HTTP 200  |  2845ms  (CHAM - can toi uu payload/base64)

[2] NHAT KY LOI HE THONG & KHACH HANG
-----------------------------------------------------------------
=================================================================
   MADMAD STUDIO  |  LIVE LOG MONITOR v2.1
=================================================================
Server  : https://madmad-backend.vercel.app
Trangthai: DANG HOAT DONG (MONITORING...) | Cap nhat: 8s
Bo loc  : Level=ALL | Source=ALL | Limit=15
Phim tat: [Space/P] Pause/Resume | [R] Refresh | [L] Level | [S] Source | [+/-] Limit | [C] Clear Log File
File log: C:\Users\doana\Desktop\madmad\MadMad\Fashion-eCommerce-Website\madmad-monitor.log

[1] TRANG THAI HE THONG
-----------------------------------------------------------------
  [OK]  Backend root     HTTP 200  |  3094ms  (CHAM - can toi uu payload/base64)
  Tong hop 24 gio qua: Tong=0  |  CRITICAL:0  LOI:0  |  CANH BAO:0  |  INFO:0
  Khong co loi nghiem trong trong 24 gio qua. He thong on dinh!

  [OK] Khong tim thay log nao phu hop bo loc.

[3] THONG KE DON HANG
-----------------------------------------------------------------
  [OK]  Products API     HTTP 200  |  717ms  (BINH THUONG)
  Tong don hang  : 18
  Don hom nay    : 0
  Cho xac nhan   : 5
  Dang xu ly     : 8
  Dang giao hang : 1
  Hoan thanh     : 3
  Da huy         : 1
  Chua thanh toan: 13  <-- Nen theo doi!
  Doanh thu (HT) : 1.460.000d

  Don can xu ly ngay:
    - DH202605243520  |  Đoàn Anh tiến  |  736.200d  |  23:12:47 24/5/2026
    - DH202605248469  |  Thuỳ Q8  |  690.000d  |  22:41:48 24/5/2026
    - DH202605207831  |  Đoàn Anh tiến  |  373.000d  |  17:02:18 20/5/2026
    - DH20260518705  |  thuỳ  |  700.000d  |  17:18:04 18/5/2026
    - DH20260518963  |  Đoàn Anh Tiến  |  380.000d  |  13:19:43 18/5/2026

=================================================================
Dang theo doi... Cap nhat sau 8s. [Q hoac Ctrl+C de thoat]
  [OK]  Orders API       HTTP 200  |  1181ms  (BINH THUONG)
  [OK]  Members API      HTTP 200  |  740ms  (BINH THUONG)
  [OK]  Logs API         HTTP 200  |  733ms  (BINH THUONG)

[2] NHAT KY LOI HE THONG & KHACH HANG
-----------------------------------------------------------------
  Tong hop 24 gio qua: Tong=0  |  CRITICAL:0  LOI:0  |  CANH BAO:0  |  INFO:0
  Khong co loi nghiem trong trong 24 gio qua. He thong on dinh!

  [OK] Khong tim thay log nao phu hop bo loc.

[3] THONG KE DON HANG
-----------------------------------------------------------------
=================================================================
   MADMAD STUDIO  |  LIVE LOG MONITOR v2.1
=================================================================
Server  : https://madmad-backend.vercel.app
Trangthai: DANG HOAT DONG (MONITORING...) | Cap nhat: 8s
Bo loc  : Level=ALL | Source=ALL | Limit=15
Phim tat: [Space/P] Pause/Resume | [R] Refresh | [L] Level | [S] Source | [+/-] Limit | [C] Clear Log File
File log: C:\Users\doana\Desktop\madmad\MadMad\Fashion-eCommerce-Website\madmad-monitor.log

[1] TRANG THAI HE THONG
-----------------------------------------------------------------
  Tong don hang  : 18
  Don hom nay    : 0
  Cho xac nhan   : 5
  Dang xu ly     : 8
  Dang giao hang : 1
  Hoan thanh     : 3
  Da huy         : 1
  Chua thanh toan: 13  <-- Nen theo doi!
  Doanh thu (HT) : 1.460.000d

  Don can xu ly ngay:
    - DH202605243520  |  Đoàn Anh tiến  |  736.200d  |  23:12:47 24/5/2026
    - DH202605248469  |  Thuỳ Q8  |  690.000d  |  22:41:48 24/5/2026
    - DH202605207831  |  Đoàn Anh tiến  |  373.000d  |  17:02:18 20/5/2026
    - DH20260518705  |  thuỳ  |  700.000d  |  17:18:04 18/5/2026
    - DH20260518963  |  Đoàn Anh Tiến  |  380.000d  |  13:19:43 18/5/2026

=================================================================
Dang theo doi... Cap nhat sau 8s. [Q hoac Ctrl+C de thoat]
  [OK]  Backend root     HTTP 200  |  290ms  (NHANH)
  [OK]  Products API     HTTP 200  |  720ms  (BINH THUONG)
  [OK]  Orders API       HTTP 200  |  923ms  (BINH THUONG)
  [OK]  Members API      HTTP 200  |  493ms  (NHANH)
  [OK]  Logs API         HTTP 200  |  543ms  (NHANH)

[2] NHAT KY LOI HE THONG & KHACH HANG
-----------------------------------------------------------------
  Tong hop 24 gio qua: Tong=0  |  CRITICAL:0  LOI:0  |  CANH BAO:0  |  INFO:0
  Khong co loi nghiem trong trong 24 gio qua. He thong on dinh!

  [OK] Khong tim thay log nao phu hop bo loc.

[3] THONG KE DON HANG
-----------------------------------------------------------------
  Tong don hang  : 18
  Don hom nay    : 0
  Cho xac nhan   : 5
  Dang xu ly     : 8
  Dang giao hang : 1
  Hoan thanh     : 3
  Da huy         : 1
  Chua thanh toan: 13  <-- Nen theo doi!
  Doanh thu (HT) : 1.460.000d

  Don can xu ly ngay:
    - DH202605243520  |  Đoàn Anh tiến  |  736.200d  |  23:12:47 24/5/2026
    - DH202605248469  |  Thuỳ Q8  |  690.000d  |  22:41:48 24/5/2026
    - DH202605207831  |  Đoàn Anh tiến  |  373.000d  |  17:02:18 20/5/2026
    - DH20260518705  |  thuỳ  |  700.000d  |  17:18:04 18/5/2026
    - DH20260518963  |  Đoàn Anh Tiến  |  380.000d  |  13:19:43 18/5/2026

=================================================================
Dang theo doi... Cap nhat sau 8s. [Q hoac Ctrl+C de thoat]
=================================================================
   MADMAD STUDIO  |  LIVE LOG MONITOR v2.1
=================================================================
Server  : https://madmad-backend.vercel.app
Trangthai: DANG HOAT DONG (MONITORING...) | Cap nhat: 8s
Bo loc  : Level=ALL | Source=ALL | Limit=15
Phim tat: [Space/P] Pause/Resume | [R] Refresh | [L] Level | [S] Source | [+/-] Limit | [C] Clear Log File
File log: C:\Users\doana\Desktop\madmad\MadMad\Fashion-eCommerce-Website\madmad-monitor.log

[1] TRANG THAI HE THONG
-----------------------------------------------------------------
  [OK]  Backend root     HTTP 200  |  270ms  (NHANH)
  [OK]  Products API     HTTP 200  |  982ms  (BINH THUONG)
  [OK]  Orders API       HTTP 200  |  969ms  (BINH THUONG)
  [OK]  Members API      HTTP 200  |  535ms  (NHANH)
  [OK]  Logs API         HTTP 200  |  742ms  (BINH THUONG)

[2] NHAT KY LOI HE THONG & KHACH HANG
-----------------------------------------------------------------
=================================================================
   MADMAD STUDIO  |  LIVE LOG MONITOR v2.1
=================================================================
Server  : https://madmad-backend.vercel.app
Trangthai: DANG HOAT DONG (MONITORING...) | Cap nhat: 8s
Bo loc  : Level=ALL | Source=ALL | Limit=15
Phim tat: [Space/P] Pause/Resume | [R] Refresh | [L] Level | [S] Source | [+/-] Limit | [C] Clear Log File
File log: C:\Users\doana\Desktop\madmad\MadMad\Fashion-eCommerce-Website\madmad-monitor.log

[1] TRANG THAI HE THONG
-----------------------------------------------------------------
  [OK]  Backend root     HTTP 200  |  263ms  (NHANH)
  [OK]  Products API     HTTP 200  |  942ms  (BINH THUONG)
  [OK]  Orders API       HTTP 200  |  940ms  (BINH THUONG)
  [OK]  Members API      HTTP 200  |  500ms  (NHANH)
  [OK]  Logs API         HTTP 200  |  502ms  (NHANH)

[2] NHAT KY LOI HE THONG & KHACH HANG
-----------------------------------------------------------------
  Tong hop 24 gio qua: Tong=0  |  CRITICAL:0  LOI:0  |  CANH BAO:0  |  INFO:0
  Khong co loi nghiem trong trong 24 gio qua. He thong on dinh!

  [OK] Khong tim thay log nao phu hop bo loc.

[3] THONG KE DON HANG
-----------------------------------------------------------------
  Tong hop 24 gio qua: Tong=0  |  CRITICAL:0  LOI:0  |  CANH BAO:0  |  INFO:0
  Khong co loi nghiem trong trong 24 gio qua. He thong on dinh!

  [OK] Khong tim thay log nao phu hop bo loc.

[3] THONG KE DON HANG
-----------------------------------------------------------------
  Tong don hang  : 18
  Don hom nay    : 0
  Cho xac nhan   : 5
  Dang xu ly     : 8
  Dang giao hang : 1
  Hoan thanh     : 3
  Da huy         : 1
  Chua thanh toan: 13  <-- Nen theo doi!
  Doanh thu (HT) : 1.460.000d

  Don can xu ly ngay:
    - DH202605243520  |  Đoàn Anh tiến  |  736.200d  |  23:12:47 24/5/2026
    - DH202605248469  |  Thuỳ Q8  |  690.000d  |  22:41:48 24/5/2026
    - DH202605207831  |  Đoàn Anh tiến  |  373.000d  |  17:02:18 20/5/2026
    - DH20260518705  |  thuỳ  |  700.000d  |  17:18:04 18/5/2026
    - DH20260518963  |  Đoàn Anh Tiến  |  380.000d  |  13:19:43 18/5/2026

=================================================================
Dang theo doi... Cap nhat sau 8s. [Q hoac Ctrl+C de thoat]
  Tong don hang  : 18
  Don hom nay    : 0
  Cho xac nhan   : 5
  Dang xu ly     : 8
  Dang giao hang : 1
  Hoan thanh     : 3
  Da huy         : 1
  Chua thanh toan: 13  <-- Nen theo doi!
  Doanh thu (HT) : 1.460.000d

  Don can xu ly ngay:
    - DH202605243520  |  Đoàn Anh tiến  |  736.200d  |  23:12:47 24/5/2026
    - DH202605248469  |  Thuỳ Q8  |  690.000d  |  22:41:48 24/5/2026
    - DH202605207831  |  Đoàn Anh tiến  |  373.000d  |  17:02:18 20/5/2026
    - DH20260518705  |  thuỳ  |  700.000d  |  17:18:04 18/5/2026
    - DH20260518963  |  Đoàn Anh Tiến  |  380.000d  |  13:19:43 18/5/2026

=================================================================
Dang theo doi... Cap nhat sau 8s. [Q hoac Ctrl+C de thoat]
=================================================================
   MADMAD STUDIO  |  LIVE LOG MONITOR v2.1
=================================================================
Server  : https://madmad-backend.vercel.app
Trangthai: DANG HOAT DONG (MONITORING...) | Cap nhat: 8s
Bo loc  : Level=ALL | Source=ALL | Limit=15
Phim tat: [Space/P] Pause/Resume | [R] Refresh | [L] Level | [S] Source | [+/-] Limit | [C] Clear Log File
File log: C:\Users\doana\Desktop\madmad\MadMad\Fashion-eCommerce-Website\madmad-monitor.log

[1] TRANG THAI HE THONG
-----------------------------------------------------------------
  [OK]  Backend root     HTTP 200  |  275ms  (NHANH)
  [OK]  Products API     HTTP 200  |  756ms  (BINH THUONG)
  [OK]  Orders API       HTTP 200  |  1205ms  (BINH THUONG)
  [OK]  Members API      HTTP 200  |  507ms  (NHANH)
  [OK]  Logs API         HTTP 200  |  506ms  (NHANH)

[2] NHAT KY LOI HE THONG & KHACH HANG
-----------------------------------------------------------------
  Tong hop 24 gio qua: Tong=0  |  CRITICAL:0  LOI:0  |  CANH BAO:0  |  INFO:0
  Khong co loi nghiem trong trong 24 gio qua. He thong on dinh!

  [OK] Khong tim thay log nao phu hop bo loc.

[3] THONG KE DON HANG
-----------------------------------------------------------------
  Tong don hang  : 18
  Don hom nay    : 0
  Cho xac nhan   : 5
  Dang xu ly     : 8
  Dang giao hang : 1
  Hoan thanh     : 3
  Da huy         : 1
  Chua thanh toan: 13  <-- Nen theo doi!
  Doanh thu (HT) : 1.460.000d

  Don can xu ly ngay:
    - DH202605243520  |  Đoàn Anh tiến  |  736.200d  |  23:12:47 24/5/2026
    - DH202605248469  |  Thuỳ Q8  |  690.000d  |  22:41:48 24/5/2026
    - DH202605207831  |  Đoàn Anh tiến  |  373.000d  |  17:02:18 20/5/2026
    - DH20260518705  |  thuỳ  |  700.000d  |  17:18:04 18/5/2026
    - DH20260518963  |  Đoàn Anh Tiến  |  380.000d  |  13:19:43 18/5/2026

=================================================================
Dang theo doi... Cap nhat sau 8s. [Q hoac Ctrl+C de thoat]
=================================================================
   MADMAD STUDIO  |  LIVE LOG MONITOR v2.1
=================================================================
Server  : https://madmad-backend.vercel.app
Trangthai: DANG HOAT DONG (MONITORING...) | Cap nhat: 8s
Bo loc  : Level=ALL | Source=ALL | Limit=15
Phim tat: [Space/P] Pause/Resume | [R] Refresh | [L] Level | [S] Source | [+/-] Limit | [C] Clear Log File
File log: C:\Users\doana\Desktop\madmad\MadMad\Fashion-eCommerce-Website\madmad-monitor.log

[1] TRANG THAI HE THONG
-----------------------------------------------------------------
  [OK]  Backend root     HTTP 200  |  280ms  (NHANH)
  [OK]  Products API     HTTP 200  |  504ms  (NHANH)
  [OK]  Orders API       HTTP 200  |  726ms  (BINH THUONG)
  [OK]  Members API      HTTP 200  |  734ms  (BINH THUONG)
  [OK]  Logs API         HTTP 200  |  706ms  (BINH THUONG)

[2] NHAT KY LOI HE THONG & KHACH HANG
-----------------------------------------------------------------
=================================================================
   MADMAD STUDIO  |  LIVE LOG MONITOR v2.1
=================================================================
Server  : https://madmad-backend.vercel.app
Trangthai: DANG HOAT DONG (MONITORING...) | Cap nhat: 8s
Bo loc  : Level=ALL | Source=ALL | Limit=15
Phim tat: [Space/P] Pause/Resume | [R] Refresh | [L] Level | [S] Source | [+/-] Limit | [C] Clear Log File
File log: C:\Users\doana\Desktop\madmad\MadMad\Fashion-eCommerce-Website\madmad-monitor.log

[1] TRANG THAI HE THONG
-----------------------------------------------------------------
  [OK]  Backend root     HTTP 200  |  252ms  (NHANH)
  [OK]  Products API     HTTP 200  |  741ms  (BINH THUONG)
  [OK]  Orders API       HTTP 200  |  739ms  (BINH THUONG)
  [OK]  Members API      HTTP 200  |  503ms  (NHANH)
  [OK]  Logs API         HTTP 200  |  495ms  (NHANH)

[2] NHAT KY LOI HE THONG & KHACH HANG
-----------------------------------------------------------------
  Tong hop 24 gio qua: Tong=0  |  CRITICAL:0  LOI:0  |  CANH BAO:0  |  INFO:0
  Khong co loi nghiem trong trong 24 gio qua. He thong on dinh!

  [OK] Khong tim thay log nao phu hop bo loc.

[3] THONG KE DON HANG
-----------------------------------------------------------------
  [LOI KET NOI] TIMEOUT

[3] THONG KE DON HANG
-----------------------------------------------------------------
  Tong don hang  : 18
  Don hom nay    : 0
  Cho xac nhan   : 5
  Dang xu ly     : 8
  Dang giao hang : 1
  Hoan thanh     : 3
  Da huy         : 1
  Chua thanh toan: 13  <-- Nen theo doi!
  Doanh thu (HT) : 1.460.000d

  Don can xu ly ngay:
    - DH202605243520  |  Đoàn Anh tiến  |  736.200d  |  23:12:47 24/5/2026
    - DH202605248469  |  Thuỳ Q8  |  690.000d  |  22:41:48 24/5/2026
    - DH202605207831  |  Đoàn Anh tiến  |  373.000d  |  17:02:18 20/5/2026
    - DH20260518705  |  thuỳ  |  700.000d  |  17:18:04 18/5/2026
    - DH20260518963  |  Đoàn Anh Tiến  |  380.000d  |  13:19:43 18/5/2026

=================================================================
Dang theo doi... Cap nhat sau 8s. [Q hoac Ctrl+C de thoat]
  Tong don hang  : 18
  Don hom nay    : 0
  Cho xac nhan   : 5
  Dang xu ly     : 8
  Dang giao hang : 1
  Hoan thanh     : 3
  Da huy         : 1
  Chua thanh toan: 13  <-- Nen theo doi!
  Doanh thu (HT) : 1.460.000d

  Don can xu ly ngay:
    - DH202605243520  |  Đoàn Anh tiến  |  736.200d  |  23:12:47 24/5/2026
    - DH202605248469  |  Thuỳ Q8  |  690.000d  |  22:41:48 24/5/2026
    - DH202605207831  |  Đoàn Anh tiến  |  373.000d  |  17:02:18 20/5/2026
    - DH20260518705  |  thuỳ  |  700.000d  |  17:18:04 18/5/2026
    - DH20260518963  |  Đoàn Anh Tiến  |  380.000d  |  13:19:43 18/5/2026

=================================================================
Dang theo doi... Cap nhat sau 8s. [Q hoac Ctrl+C de thoat]
=================================================================
   MADMAD STUDIO  |  LIVE LOG MONITOR v2.1
=================================================================
Server  : https://madmad-backend.vercel.app
Trangthai: DANG HOAT DONG (MONITORING...) | Cap nhat: 8s
Bo loc  : Level=ALL | Source=ALL | Limit=15
Phim tat: [Space/P] Pause/Resume | [R] Refresh | [L] Level | [S] Source | [+/-] Limit | [C] Clear Log File
File log: C:\Users\doana\Desktop\madmad\MadMad\Fashion-eCommerce-Website\madmad-monitor.log

[1] TRANG THAI HE THONG
-----------------------------------------------------------------
  [OK]  Backend root     HTTP 200  |  277ms  (NHANH)
  [OK]  Products API     HTTP 200  |  967ms  (BINH THUONG)
  [OK]  Orders API       HTTP 200  |  728ms  (BINH THUONG)
  [OK]  Members API      HTTP 200  |  505ms  (NHANH)
  [OK]  Logs API         HTTP 200  |  506ms  (NHANH)

[2] NHAT KY LOI HE THONG & KHACH HANG
-----------------------------------------------------------------
  Tong hop 24 gio qua: Tong=0  |  CRITICAL:0  LOI:0  |  CANH BAO:0  |  INFO:0
  Khong co loi nghiem trong trong 24 gio qua. He thong on dinh!

  [OK] Khong tim thay log nao phu hop bo loc.

[3] THONG KE DON HANG
-----------------------------------------------------------------
  Tong don hang  : 18
  Don hom nay    : 0
  Cho xac nhan   : 5
  Dang xu ly     : 8
  Dang giao hang : 1
  Hoan thanh     : 3
  Da huy         : 1
  Chua thanh toan: 13  <-- Nen theo doi!
  Doanh thu (HT) : 1.460.000d

  Don can xu ly ngay:
    - DH202605243520  |  Đoàn Anh tiến  |  736.200d  |  23:12:47 24/5/2026
    - DH202605248469  |  Thuỳ Q8  |  690.000d  |  22:41:48 24/5/2026
    - DH202605207831  |  Đoàn Anh tiến  |  373.000d  |  17:02:18 20/5/2026
    - DH20260518705  |  thuỳ  |  700.000d  |  17:18:04 18/5/2026
    - DH20260518963  |  Đoàn Anh Tiến  |  380.000d  |  13:19:43 18/5/2026

=================================================================
Dang theo doi... Cap nhat sau 8s. [Q hoac Ctrl+C de thoat]
=================================================================
   MADMAD STUDIO  |  LIVE LOG MONITOR v2.1
=================================================================
Server  : https://madmad-backend.vercel.app
Trangthai: DANG HOAT DONG (MONITORING...) | Cap nhat: 8s
Bo loc  : Level=ALL | Source=ALL | Limit=15
Phim tat: [Space/P] Pause/Resume | [R] Refresh | [L] Level | [S] Source | [+/-] Limit | [C] Clear Log File
File log: C:\Users\doana\Desktop\madmad\MadMad\Fashion-eCommerce-Website\madmad-monitor.log

[1] TRANG THAI HE THONG
-----------------------------------------------------------------
  [OK]  Backend root     HTTP 200  |  271ms  (NHANH)
  [OK]  Products API     HTTP 200  |  508ms  (NHANH)
  [OK]  Orders API       HTTP 200  |  734ms  (BINH THUONG)
  [OK]  Members API      HTTP 200  |  490ms  (NHANH)
  [OK]  Logs API         HTTP 200  |  958ms  (BINH THUONG)

[2] NHAT KY LOI HE THONG & KHACH HANG
-----------------------------------------------------------------
=================================================================
   MADMAD STUDIO  |  LIVE LOG MONITOR v2.1
=================================================================
Server  : https://madmad-backend.vercel.app
Trangthai: DANG HOAT DONG (MONITORING...) | Cap nhat: 8s
Bo loc  : Level=ALL | Source=ALL | Limit=15
Phim tat: [Space/P] Pause/Resume | [R] Refresh | [L] Level | [S] Source | [+/-] Limit | [C] Clear Log File
File log: C:\Users\doana\Desktop\madmad\MadMad\Fashion-eCommerce-Website\madmad-monitor.log

[1] TRANG THAI HE THONG
-----------------------------------------------------------------
  [OK]  Backend root     HTTP 200  |  270ms  (NHANH)
  [OK]  Products API     HTTP 200  |  519ms  (NHANH)
  [OK]  Orders API       HTTP 200  |  986ms  (BINH THUONG)
  [OK]  Members API      HTTP 200  |  520ms  (NHANH)
  [OK]  Logs API         HTTP 200  |  539ms  (NHANH)

[2] NHAT KY LOI HE THONG & KHACH HANG
-----------------------------------------------------------------
  [LOI KET NOI] TIMEOUT

[3] THONG KE DON HANG
-----------------------------------------------------------------
  Tong don hang  : 18
  Don hom nay    : 0
  Cho xac nhan   : 5
  Dang xu ly     : 8
  Dang giao hang : 1
  Hoan thanh     : 3
  Da huy         : 1
  Chua thanh toan: 13  <-- Nen theo doi!
  Doanh thu (HT) : 1.460.000d

  Don can xu ly ngay:
    - DH202605243520  |  Đoàn Anh tiến  |  736.200d  |  23:12:47 24/5/2026
    - DH202605248469  |  Thuỳ Q8  |  690.000d  |  22:41:48 24/5/2026
    - DH202605207831  |  Đoàn Anh tiến  |  373.000d  |  17:02:18 20/5/2026
    - DH20260518705  |  thuỳ  |  700.000d  |  17:18:04 18/5/2026
    - DH20260518963  |  Đoàn Anh Tiến  |  380.000d  |  13:19:43 18/5/2026

=================================================================
Dang theo doi... Cap nhat sau 8s. [Q hoac Ctrl+C de thoat]
  Tong hop 24 gio qua: Tong=0  |  CRITICAL:0  LOI:0  |  CANH BAO:0  |  INFO:0
  Khong co loi nghiem trong trong 24 gio qua. He thong on dinh!

  [OK] Khong tim thay log nao phu hop bo loc.

[3] THONG KE DON HANG
-----------------------------------------------------------------
  Tong don hang  : 18
  Don hom nay    : 0
  Cho xac nhan   : 5
  Dang xu ly     : 8
  Dang giao hang : 1
  Hoan thanh     : 3
  Da huy         : 1
  Chua thanh toan: 13  <-- Nen theo doi!
  Doanh thu (HT) : 1.460.000d

  Don can xu ly ngay:
    - DH202605243520  |  Đoàn Anh tiến  |  736.200d  |  23:12:47 24/5/2026
    - DH202605248469  |  Thuỳ Q8  |  690.000d  |  22:41:48 24/5/2026
    - DH202605207831  |  Đoàn Anh tiến  |  373.000d  |  17:02:18 20/5/2026
    - DH20260518705  |  thuỳ  |  700.000d  |  17:18:04 18/5/2026
    - DH20260518963  |  Đoàn Anh Tiến  |  380.000d  |  13:19:43 18/5/2026

=================================================================
Dang theo doi... Cap nhat sau 8s. [Q hoac Ctrl+C de thoat]
=================================================================
   MADMAD STUDIO  |  LIVE LOG MONITOR v2.1
=================================================================
Server  : https://madmad-backend.vercel.app
Trangthai: DANG HOAT DONG (MONITORING...) | Cap nhat: 8s
Bo loc  : Level=ALL | Source=ALL | Limit=15
Phim tat: [Space/P] Pause/Resume | [R] Refresh | [L] Level | [S] Source | [+/-] Limit | [C] Clear Log File
File log: C:\Users\doana\Desktop\madmad\MadMad\Fashion-eCommerce-Website\madmad-monitor.log

[1] TRANG THAI HE THONG
-----------------------------------------------------------------
  [OK]  Backend root     HTTP 200  |  269ms  (NHANH)
  [OK]  Products API     HTTP 200  |  517ms  (NHANH)
  [OK]  Orders API       HTTP 200  |  957ms  (BINH THUONG)
  [OK]  Members API      HTTP 200  |  768ms  (BINH THUONG)
  [OK]  Logs API         HTTP 200  |  514ms  (NHANH)

[2] NHAT KY LOI HE THONG & KHACH HANG
-----------------------------------------------------------------
  Tong hop 24 gio qua: Tong=0  |  CRITICAL:0  LOI:0  |  CANH BAO:0  |  INFO:0
  Khong co loi nghiem trong trong 24 gio qua. He thong on dinh!

  [OK] Khong tim thay log nao phu hop bo loc.

[3] THONG KE DON HANG
-----------------------------------------------------------------
  Tong don hang  : 18
  Don hom nay    : 0
  Cho xac nhan   : 5
  Dang xu ly     : 8
  Dang giao hang : 1
  Hoan thanh     : 3
  Da huy         : 1
  Chua thanh toan: 13  <-- Nen theo doi!
  Doanh thu (HT) : 1.460.000d

  Don can xu ly ngay:
    - DH202605243520  |  Đoàn Anh tiến  |  736.200d  |  23:12:47 24/5/2026
    - DH202605248469  |  Thuỳ Q8  |  690.000d  |  22:41:48 24/5/2026
    - DH202605207831  |  Đoàn Anh tiến  |  373.000d  |  17:02:18 20/5/2026
    - DH20260518705  |  thuỳ  |  700.000d  |  17:18:04 18/5/2026
    - DH20260518963  |  Đoàn Anh Tiến  |  380.000d  |  13:19:43 18/5/2026

=================================================================
Dang theo doi... Cap nhat sau 8s. [Q hoac Ctrl+C de thoat]
=================================================================
   MADMAD STUDIO  |  LIVE LOG MONITOR v2.1
=================================================================
Server  : https://madmad-backend.vercel.app
Trangthai: DANG HOAT DONG (MONITORING...) | Cap nhat: 8s
Bo loc  : Level=ALL | Source=ALL | Limit=15
Phim tat: [Space/P] Pause/Resume | [R] Refresh | [L] Level | [S] Source | [+/-] Limit | [C] Clear Log File
File log: C:\Users\doana\Desktop\madmad\MadMad\Fashion-eCommerce-Website\madmad-monitor.log

[1] TRANG THAI HE THONG
-----------------------------------------------------------------
  [OK]  Backend root     HTTP 200  |  288ms  (NHANH)
  [OK]  Products API     HTTP 200  |  503ms  (NHANH)
  [OK]  Orders API       HTTP 200  |  935ms  (BINH THUONG)
  [OK]  Members API      HTTP 200  |  486ms  (NHANH)
  [OK]  Logs API         HTTP 200  |  734ms  (BINH THUONG)

[2] NHAT KY LOI HE THONG & KHACH HANG
-----------------------------------------------------------------
  Tong hop 24 gio qua: Tong=0  |  CRITICAL:0  LOI:0  |  CANH BAO:0  |  INFO:0
  Khong co loi nghiem trong trong 24 gio qua. He thong on dinh!

  [OK] Khong tim thay log nao phu hop bo loc.

[3] THONG KE DON HANG
-----------------------------------------------------------------
  Tong don hang  : 18
  Don hom nay    : 0
  Cho xac nhan   : 5
  Dang xu ly     : 8
  Dang giao hang : 1
  Hoan thanh     : 3
  Da huy         : 1
  Chua thanh toan: 13  <-- Nen theo doi!
  Doanh thu (HT) : 1.460.000d

  Don can xu ly ngay:
    - DH202605243520  |  Đoàn Anh tiến  |  736.200d  |  23:12:47 24/5/2026
    - DH202605248469  |  Thuỳ Q8  |  690.000d  |  22:41:48 24/5/2026
    - DH202605207831  |  Đoàn Anh tiến  |  373.000d  |  17:02:18 20/5/2026
    - DH20260518705  |  thuỳ  |  700.000d  |  17:18:04 18/5/2026
    - DH20260518963  |  Đoàn Anh Tiến  |  380.000d  |  13:19:43 18/5/2026

=================================================================
Dang theo doi... Cap nhat sau 8s. [Q hoac Ctrl+C de thoat]
=================================================================
   MADMAD STUDIO  |  LIVE LOG MONITOR v2.1
=================================================================
Server  : https://madmad-backend.vercel.app
Trangthai: DANG HOAT DONG (MONITORING...) | Cap nhat: 8s
Bo loc  : Level=ALL | Source=ALL | Limit=15
Phim tat: [Space/P] Pause/Resume | [R] Refresh | [L] Level | [S] Source | [+/-] Limit | [C] Clear Log File
File log: C:\Users\doana\Desktop\madmad\MadMad\Fashion-eCommerce-Website\madmad-monitor.log

[1] TRANG THAI HE THONG
-----------------------------------------------------------------
  [OK]  Backend root     HTTP 200  |  263ms  (NHANH)
  [OK]  Products API     HTTP 200  |  504ms  (NHANH)
  [OK]  Orders API       HTTP 200  |  930ms  (BINH THUONG)
  [OK]  Members API      HTTP 200  |  488ms  (NHANH)
  [OK]  Logs API         HTTP 200  |  501ms  (NHANH)

[2] NHAT KY LOI HE THONG & KHACH HANG
-----------------------------------------------------------------
  Tong hop 24 gio qua: Tong=0  |  CRITICAL:0  LOI:0  |  CANH BAO:0  |  INFO:0
  Khong co loi nghiem trong trong 24 gio qua. He thong on dinh!

  [OK] Khong tim thay log nao phu hop bo loc.

[3] THONG KE DON HANG
-----------------------------------------------------------------
  Tong don hang  : 18
  Don hom nay    : 0
  Cho xac nhan   : 5
  Dang xu ly     : 8
  Dang giao hang : 1
  Hoan thanh     : 3
  Da huy         : 1
  Chua thanh toan: 13  <-- Nen theo doi!
  Doanh thu (HT) : 1.460.000d

  Don can xu ly ngay:
    - DH202605243520  |  Đoàn Anh tiến  |  736.200d  |  23:12:47 24/5/2026
    - DH202605248469  |  Thuỳ Q8  |  690.000d  |  22:41:48 24/5/2026
    - DH202605207831  |  Đoàn Anh tiến  |  373.000d  |  17:02:18 20/5/2026
    - DH20260518705  |  thuỳ  |  700.000d  |  17:18:04 18/5/2026
    - DH20260518963  |  Đoàn Anh Tiến  |  380.000d  |  13:19:43 18/5/2026

=================================================================
Dang theo doi... Cap nhat sau 8s. [Q hoac Ctrl+C de thoat]
=================================================================
   MADMAD STUDIO  |  LIVE LOG MONITOR v2.1
=================================================================
Server  : https://madmad-backend.vercel.app
Trangthai: DANG HOAT DONG (MONITORING...) | Cap nhat: 8s
Bo loc  : Level=ALL | Source=ALL | Limit=15
Phim tat: [Space/P] Pause/Resume | [R] Refresh | [L] Level | [S] Source | [+/-] Limit | [C] Clear Log File
File log: C:\Users\doana\Desktop\madmad\MadMad\Fashion-eCommerce-Website\madmad-monitor.log

[1] TRANG THAI HE THONG
-----------------------------------------------------------------
  [OK]  Backend root     HTTP 200  |  278ms  (NHANH)
  [OK]  Products API     HTTP 200  |  493ms  (NHANH)
  [OK]  Orders API       HTTP 200  |  732ms  (BINH THUONG)
  [OK]  Members API      HTTP 200  |  496ms  (NHANH)
  [OK]  Logs API         HTTP 200  |  499ms  (NHANH)

[2] NHAT KY LOI HE THONG & KHACH HANG
-----------------------------------------------------------------
  Tong hop 24 gio qua: Tong=0  |  CRITICAL:0  LOI:0  |  CANH BAO:0  |  INFO:0
  Khong co loi nghiem trong trong 24 gio qua. He thong on dinh!

  [OK] Khong tim thay log nao phu hop bo loc.

[3] THONG KE DON HANG
-----------------------------------------------------------------
  Tong don hang  : 18
  Don hom nay    : 0
  Cho xac nhan   : 5
  Dang xu ly     : 8
  Dang giao hang : 1
  Hoan thanh     : 3
  Da huy         : 1
  Chua thanh toan: 13  <-- Nen theo doi!
  Doanh thu (HT) : 1.460.000d

  Don can xu ly ngay:
    - DH202605243520  |  Đoàn Anh tiến  |  736.200d  |  23:12:47 24/5/2026
    - DH202605248469  |  Thuỳ Q8  |  690.000d  |  22:41:48 24/5/2026
    - DH202605207831  |  Đoàn Anh tiến  |  373.000d  |  17:02:18 20/5/2026
    - DH20260518705  |  thuỳ  |  700.000d  |  17:18:04 18/5/2026
    - DH20260518963  |  Đoàn Anh Tiến  |  380.000d  |  13:19:43 18/5/2026

=================================================================
Dang theo doi... Cap nhat sau 8s. [Q hoac Ctrl+C de thoat]
=================================================================
   MADMAD STUDIO  |  LIVE LOG MONITOR v2.1
=================================================================
Server  : https://madmad-backend.vercel.app
Trangthai: DANG HOAT DONG (MONITORING...) | Cap nhat: 8s
Bo loc  : Level=ALL | Source=ALL | Limit=15
Phim tat: [Space/P] Pause/Resume | [R] Refresh | [L] Level | [S] Source | [+/-] Limit | [C] Clear Log File
File log: C:\Users\doana\Desktop\madmad\MadMad\Fashion-eCommerce-Website\madmad-monitor.log

[1] TRANG THAI HE THONG
-----------------------------------------------------------------
  [OK]  Backend root     HTTP 200  |  263ms  (NHANH)
  [OK]  Products API     HTTP 200  |  504ms  (NHANH)
  [OK]  Orders API       HTTP 200  |  716ms  (BINH THUONG)
  [OK]  Members API      HTTP 200  |  482ms  (NHANH)
  [OK]  Logs API         HTTP 200  |  748ms  (BINH THUONG)

[2] NHAT KY LOI HE THONG & KHACH HANG
-----------------------------------------------------------------
  Tong hop 24 gio qua: Tong=0  |  CRITICAL:0  LOI:0  |  CANH BAO:0  |  INFO:0
  Khong co loi nghiem trong trong 24 gio qua. He thong on dinh!

  [OK] Khong tim thay log nao phu hop bo loc.

[3] THONG KE DON HANG
-----------------------------------------------------------------
  Tong don hang  : 18
  Don hom nay    : 0
  Cho xac nhan   : 5
  Dang xu ly     : 8
  Dang giao hang : 1
  Hoan thanh     : 3
  Da huy         : 1
  Chua thanh toan: 13  <-- Nen theo doi!
  Doanh thu (HT) : 1.460.000d

  Don can xu ly ngay:
    - DH202605243520  |  Đoàn Anh tiến  |  736.200d  |  23:12:47 24/5/2026
    - DH202605248469  |  Thuỳ Q8  |  690.000d  |  22:41:48 24/5/2026
    - DH202605207831  |  Đoàn Anh tiến  |  373.000d  |  17:02:18 20/5/2026
    - DH20260518705  |  thuỳ  |  700.000d  |  17:18:04 18/5/2026
    - DH20260518963  |  Đoàn Anh Tiến  |  380.000d  |  13:19:43 18/5/2026

=================================================================
Dang theo doi... Cap nhat sau 8s. [Q hoac Ctrl+C de thoat]
=================================================================
   MADMAD STUDIO  |  LIVE LOG MONITOR v2.1
=================================================================
Server  : https://madmad-backend.vercel.app
Trangthai: DANG HOAT DONG (MONITORING...) | Cap nhat: 8s
Bo loc  : Level=ALL | Source=ALL | Limit=15
Phim tat: [Space/P] Pause/Resume | [R] Refresh | [L] Level | [S] Source | [+/-] Limit | [C] Clear Log File
File log: C:\Users\doana\Desktop\madmad\MadMad\Fashion-eCommerce-Website\madmad-monitor.log

[1] TRANG THAI HE THONG
-----------------------------------------------------------------
  [OK]  Backend root     HTTP 200  |  252ms  (NHANH)
  [OK]  Products API     HTTP 200  |  509ms  (NHANH)
  [OK]  Orders API       HTTP 200  |  933ms  (BINH THUONG)
  [OK]  Members API      HTTP 200  |  499ms  (NHANH)
  [OK]  Logs API         HTTP 200  |  499ms  (NHANH)

[2] NHAT KY LOI HE THONG & KHACH HANG
-----------------------------------------------------------------
=================================================================
   MADMAD STUDIO  |  LIVE LOG MONITOR v2.1
=================================================================
Server  : https://madmad-backend.vercel.app
Trangthai: DANG HOAT DONG (MONITORING...) | Cap nhat: 8s
Bo loc  : Level=ALL | Source=ALL | Limit=15
Phim tat: [Space/P] Pause/Resume | [R] Refresh | [L] Level | [S] Source | [+/-] Limit | [C] Clear Log File
File log: C:\Users\doana\Desktop\madmad\MadMad\Fashion-eCommerce-Website\madmad-monitor.log

[1] TRANG THAI HE THONG
-----------------------------------------------------------------
  [OK]  Backend root     HTTP 200  |  271ms  (NHANH)
  [OK]  Products API     HTTP 200  |  517ms  (NHANH)
  [OK]  Orders API       HTTP 200  |  694ms  (BINH THUONG)
  [OK]  Members API      HTTP 200  |  495ms  (NHANH)
  [OK]  Logs API         HTTP 200  |  479ms  (NHANH)

[2] NHAT KY LOI HE THONG & KHACH HANG
-----------------------------------------------------------------
  [LOI KET NOI] TIMEOUT

[3] THONG KE DON HANG
-----------------------------------------------------------------
  Tong don hang  : 18
  Don hom nay    : 0
  Cho xac nhan   : 5
  Dang xu ly     : 8
  Dang giao hang : 1
  Hoan thanh     : 3
  Da huy         : 1
  Chua thanh toan: 13  <-- Nen theo doi!
  Doanh thu (HT) : 1.460.000d

  Don can xu ly ngay:
    - DH202605243520  |  Đoàn Anh tiến  |  736.200d  |  23:12:47 24/5/2026
    - DH202605248469  |  Thuỳ Q8  |  690.000d  |  22:41:48 24/5/2026
    - DH202605207831  |  Đoàn Anh tiến  |  373.000d  |  17:02:18 20/5/2026
    - DH20260518705  |  thuỳ  |  700.000d  |  17:18:04 18/5/2026
    - DH20260518963  |  Đoàn Anh Tiến  |  380.000d  |  13:19:43 18/5/2026

=================================================================
Dang theo doi... Cap nhat sau 8s. [Q hoac Ctrl+C de thoat]
  Tong hop 24 gio qua: Tong=0  |  CRITICAL:0  LOI:0  |  CANH BAO:0  |  INFO:0
  Khong co loi nghiem trong trong 24 gio qua. He thong on dinh!

  [OK] Khong tim thay log nao phu hop bo loc.

[3] THONG KE DON HANG
-----------------------------------------------------------------
  Tong don hang  : 18
  Don hom nay    : 0
  Cho xac nhan   : 5
  Dang xu ly     : 8
  Dang giao hang : 1
  Hoan thanh     : 3
  Da huy         : 1
  Chua thanh toan: 13  <-- Nen theo doi!
  Doanh thu (HT) : 1.460.000d

  Don can xu ly ngay:
    - DH202605243520  |  Đoàn Anh tiến  |  736.200d  |  23:12:47 24/5/2026
    - DH202605248469  |  Thuỳ Q8  |  690.000d  |  22:41:48 24/5/2026
    - DH202605207831  |  Đoàn Anh tiến  |  373.000d  |  17:02:18 20/5/2026
    - DH20260518705  |  thuỳ  |  700.000d  |  17:18:04 18/5/2026
    - DH20260518963  |  Đoàn Anh Tiến  |  380.000d  |  13:19:43 18/5/2026

=================================================================
Dang theo doi... Cap nhat sau 8s. [Q hoac Ctrl+C de thoat]
=================================================================
   MADMAD STUDIO  |  LIVE LOG MONITOR v2.1
=================================================================
Server  : https://madmad-backend.vercel.app
Trangthai: DANG HOAT DONG (MONITORING...) | Cap nhat: 8s
Bo loc  : Level=ALL | Source=ALL | Limit=15
Phim tat: [Space/P] Pause/Resume | [R] Refresh | [L] Level | [S] Source | [+/-] Limit | [C] Clear Log File
File log: C:\Users\doana\Desktop\madmad\MadMad\Fashion-eCommerce-Website\madmad-monitor.log

[1] TRANG THAI HE THONG
-----------------------------------------------------------------
  [OK]  Backend root     HTTP 200  |  282ms  (NHANH)
  [OK]  Products API     HTTP 200  |  511ms  (NHANH)
  [OK]  Orders API       HTTP 200  |  969ms  (BINH THUONG)
  [OK]  Members API      HTTP 200  |  493ms  (NHANH)
  [OK]  Logs API         HTTP 200  |  500ms  (NHANH)

[2] NHAT KY LOI HE THONG & KHACH HANG
-----------------------------------------------------------------
=================================================================
   MADMAD STUDIO  |  LIVE LOG MONITOR v2.1
=================================================================
Server  : https://madmad-backend.vercel.app
Trangthai: DANG HOAT DONG (MONITORING...) | Cap nhat: 8s
Bo loc  : Level=ALL | Source=ALL | Limit=15
Phim tat: [Space/P] Pause/Resume | [R] Refresh | [L] Level | [S] Source | [+/-] Limit | [C] Clear Log File
File log: C:\Users\doana\Desktop\madmad\MadMad\Fashion-eCommerce-Website\madmad-monitor.log

[1] TRANG THAI HE THONG
-----------------------------------------------------------------
  [OK]  Backend root     HTTP 200  |  268ms  (NHANH)
  [OK]  Products API     HTTP 200  |  745ms  (BINH THUONG)
  [OK]  Orders API       HTTP 200  |  974ms  (BINH THUONG)
  [OK]  Members API      HTTP 200  |  743ms  (BINH THUONG)
  [OK]  Logs API         HTTP 200  |  488ms  (NHANH)

[2] NHAT KY LOI HE THONG & KHACH HANG
-----------------------------------------------------------------
  [LOI KET NOI] TIMEOUT

[3] THONG KE DON HANG
-----------------------------------------------------------------
  Tong hop 24 gio qua: Tong=0  |  CRITICAL:0  LOI:0  |  CANH BAO:0  |  INFO:0
  Khong co loi nghiem trong trong 24 gio qua. He thong on dinh!

  [OK] Khong tim thay log nao phu hop bo loc.

[3] THONG KE DON HANG
-----------------------------------------------------------------
  Tong don hang  : 18
  Don hom nay    : 0
  Cho xac nhan   : 5
  Dang xu ly     : 8
  Dang giao hang : 1
  Hoan thanh     : 3
  Da huy         : 1
  Chua thanh toan: 13  <-- Nen theo doi!
  Doanh thu (HT) : 1.460.000d

  Don can xu ly ngay:
    - DH202605243520  |  Đoàn Anh tiến  |  736.200d  |  23:12:47 24/5/2026
    - DH202605248469  |  Thuỳ Q8  |  690.000d  |  22:41:48 24/5/2026
    - DH202605207831  |  Đoàn Anh tiến  |  373.000d  |  17:02:18 20/5/2026
    - DH20260518705  |  thuỳ  |  700.000d  |  17:18:04 18/5/2026
    - DH20260518963  |  Đoàn Anh Tiến  |  380.000d  |  13:19:43 18/5/2026

=================================================================
Dang theo doi... Cap nhat sau 8s. [Q hoac Ctrl+C de thoat]
  Tong don hang  : 18
  Don hom nay    : 0
  Cho xac nhan   : 5
  Dang xu ly     : 8
  Dang giao hang : 1
  Hoan thanh     : 3
  Da huy         : 1
  Chua thanh toan: 13  <-- Nen theo doi!
  Doanh thu (HT) : 1.460.000d

  Don can xu ly ngay:
    - DH202605243520  |  Đoàn Anh tiến  |  736.200d  |  23:12:47 24/5/2026
    - DH202605248469  |  Thuỳ Q8  |  690.000d  |  22:41:48 24/5/2026
    - DH202605207831  |  Đoàn Anh tiến  |  373.000d  |  17:02:18 20/5/2026
    - DH20260518705  |  thuỳ  |  700.000d  |  17:18:04 18/5/2026
    - DH20260518963  |  Đoàn Anh Tiến  |  380.000d  |  13:19:43 18/5/2026

=================================================================
Dang theo doi... Cap nhat sau 8s. [Q hoac Ctrl+C de thoat]
=================================================================
   MADMAD STUDIO  |  LIVE LOG MONITOR v2.1
=================================================================
Server  : https://madmad-backend.vercel.app
Trangthai: DANG HOAT DONG (MONITORING...) | Cap nhat: 8s
Bo loc  : Level=ALL | Source=ALL | Limit=15
Phim tat: [Space/P] Pause/Resume | [R] Refresh | [L] Level | [S] Source | [+/-] Limit | [C] Clear Log File
File log: C:\Users\doana\Desktop\madmad\MadMad\Fashion-eCommerce-Website\madmad-monitor.log

[1] TRANG THAI HE THONG
-----------------------------------------------------------------
  [OK]  Backend root     HTTP 200  |  291ms  (NHANH)
  [OK]  Products API     HTTP 200  |  503ms  (NHANH)
  [OK]  Orders API       HTTP 200  |  724ms  (BINH THUONG)
  [OK]  Members API      HTTP 200  |  502ms  (NHANH)
  [OK]  Logs API         HTTP 200  |  733ms  (BINH THUONG)

[2] NHAT KY LOI HE THONG & KHACH HANG
-----------------------------------------------------------------
  Tong hop 24 gio qua: Tong=0  |  CRITICAL:0  LOI:0  |  CANH BAO:0  |  INFO:0
  Khong co loi nghiem trong trong 24 gio qua. He thong on dinh!

  [OK] Khong tim thay log nao phu hop bo loc.

[3] THONG KE DON HANG
-----------------------------------------------------------------
  Tong don hang  : 18
  Don hom nay    : 0
  Cho xac nhan   : 5
  Dang xu ly     : 8
  Dang giao hang : 1
  Hoan thanh     : 3
  Da huy         : 1
  Chua thanh toan: 13  <-- Nen theo doi!
  Doanh thu (HT) : 1.460.000d

  Don can xu ly ngay:
    - DH202605243520  |  Đoàn Anh tiến  |  736.200d  |  23:12:47 24/5/2026
    - DH202605248469  |  Thuỳ Q8  |  690.000d  |  22:41:48 24/5/2026
    - DH202605207831  |  Đoàn Anh tiến  |  373.000d  |  17:02:18 20/5/2026
    - DH20260518705  |  thuỳ  |  700.000d  |  17:18:04 18/5/2026
    - DH20260518963  |  Đoàn Anh Tiến  |  380.000d  |  13:19:43 18/5/2026

=================================================================
Dang theo doi... Cap nhat sau 8s. [Q hoac Ctrl+C de thoat]
=================================================================
   MADMAD STUDIO  |  LIVE LOG MONITOR v2.1
=================================================================
Server  : https://madmad-backend.vercel.app
Trangthai: DANG HOAT DONG (MONITORING...) | Cap nhat: 8s
Bo loc  : Level=ALL | Source=ALL | Limit=15
Phim tat: [Space/P] Pause/Resume | [R] Refresh | [L] Level | [S] Source | [+/-] Limit | [C] Clear Log File
File log: C:\Users\doana\Desktop\madmad\MadMad\Fashion-eCommerce-Website\madmad-monitor.log

[1] TRANG THAI HE THONG
-----------------------------------------------------------------
  [OK]  Backend root     HTTP 200  |  270ms  (NHANH)
  [OK]  Products API     HTTP 200  |  516ms  (NHANH)
  [OK]  Orders API       HTTP 200  |  982ms  (BINH THUONG)
  [OK]  Members API      HTTP 200  |  925ms  (BINH THUONG)
  [OK]  Logs API         HTTP 200  |  725ms  (BINH THUONG)

[2] NHAT KY LOI HE THONG & KHACH HANG
-----------------------------------------------------------------
  Tong hop 24 gio qua: Tong=0  |  CRITICAL:0  LOI:0  |  CANH BAO:0  |  INFO:0
  Khong co loi nghiem trong trong 24 gio qua. He thong on dinh!

  [OK] Khong tim thay log nao phu hop bo loc.

[3] THONG KE DON HANG
-----------------------------------------------------------------
  Tong don hang  : 18
  Don hom nay    : 0
  Cho xac nhan   : 5
  Dang xu ly     : 8
  Dang giao hang : 1
  Hoan thanh     : 3
  Da huy         : 1
  Chua thanh toan: 13  <-- Nen theo doi!
  Doanh thu (HT) : 1.460.000d

  Don can xu ly ngay:
    - DH202605243520  |  Đoàn Anh tiến  |  736.200d  |  23:12:47 24/5/2026
    - DH202605248469  |  Thuỳ Q8  |  690.000d  |  22:41:48 24/5/2026
    - DH202605207831  |  Đoàn Anh tiến  |  373.000d  |  17:02:18 20/5/2026
    - DH20260518705  |  thuỳ  |  700.000d  |  17:18:04 18/5/2026
    - DH20260518963  |  Đoàn Anh Tiến  |  380.000d  |  13:19:43 18/5/2026

=================================================================
Dang theo doi... Cap nhat sau 8s. [Q hoac Ctrl+C de thoat]
=================================================================
   MADMAD STUDIO  |  LIVE LOG MONITOR v2.1
=================================================================
Server  : https://madmad-backend.vercel.app
Trangthai: DANG HOAT DONG (MONITORING...) | Cap nhat: 8s
Bo loc  : Level=ALL | Source=ALL | Limit=15
Phim tat: [Space/P] Pause/Resume | [R] Refresh | [L] Level | [S] Source | [+/-] Limit | [C] Clear Log File
File log: C:\Users\doana\Desktop\madmad\MadMad\Fashion-eCommerce-Website\madmad-monitor.log

[1] TRANG THAI HE THONG
-----------------------------------------------------------------
  [OK]  Backend root     HTTP 200  |  286ms  (NHANH)
  [OK]  Products API     HTTP 200  |  569ms  (NHANH)
=================================================================
   MADMAD STUDIO  |  LIVE LOG MONITOR v2.1
=================================================================
Server  : https://madmad-backend.vercel.app
Trangthai: DANG HOAT DONG (MONITORING...) | Cap nhat: 8s
Bo loc  : Level=ALL | Source=ALL | Limit=15
Phim tat: [Space/P] Pause/Resume | [R] Refresh | [L] Level | [S] Source | [+/-] Limit | [C] Clear Log File
File log: C:\Users\doana\Desktop\madmad\MadMad\Fashion-eCommerce-Website\madmad-monitor.log

[1] TRANG THAI HE THONG
-----------------------------------------------------------------
  [OK]  Orders API       HTTP 200  |  1131ms  (BINH THUONG)
  [OK]  Members API      HTTP 200  |  467ms  (NHANH)
  [OK]  Logs API         HTTP 200  |  702ms  (BINH THUONG)

[2] NHAT KY LOI HE THONG & KHACH HANG
-----------------------------------------------------------------
  Tong hop 24 gio qua: Tong=0  |  CRITICAL:0  LOI:0  |  CANH BAO:0  |  INFO:0
  Khong co loi nghiem trong trong 24 gio qua. He thong on dinh!

  [OK] Khong tim thay log nao phu hop bo loc.

[3] THONG KE DON HANG
-----------------------------------------------------------------
  Tong don hang  : 18
  Don hom nay    : 0
  Cho xac nhan   : 5
  Dang xu ly     : 8
  Dang giao hang : 1
  Hoan thanh     : 3
  Da huy         : 1
  Chua thanh toan: 13  <-- Nen theo doi!
  Doanh thu (HT) : 1.460.000d

  Don can xu ly ngay:
    - DH202605243520  |  Đoàn Anh tiến  |  736.200d  |  23:12:47 24/5/2026
    - DH202605248469  |  Thuỳ Q8  |  690.000d  |  22:41:48 24/5/2026
    - DH202605207831  |  Đoàn Anh tiến  |  373.000d  |  17:02:18 20/5/2026
    - DH20260518705  |  thuỳ  |  700.000d  |  17:18:04 18/5/2026
    - DH20260518963  |  Đoàn Anh Tiến  |  380.000d  |  13:19:43 18/5/2026

=================================================================
Dang theo doi... Cap nhat sau 8s. [Q hoac Ctrl+C de thoat]
=================================================================
   MADMAD STUDIO  |  LIVE LOG MONITOR v2.1
=================================================================
Server  : https://madmad-backend.vercel.app
Trangthai: DANG HOAT DONG (MONITORING...) | Cap nhat: 8s
Bo loc  : Level=ALL | Source=ALL | Limit=15
Phim tat: [Space/P] Pause/Resume | [R] Refresh | [L] Level | [S] Source | [+/-] Limit | [C] Clear Log File
File log: C:\Users\doana\Desktop\madmad\MadMad\Fashion-eCommerce-Website\madmad-monitor.log

[1] TRANG THAI HE THONG
-----------------------------------------------------------------
  [OK]  Backend root     HTTP 200  |  273ms  (NHANH)
  [!!! KHONG PHAN HOI] Backend root     TIMEOUT 9012ms
[CRITICAL] 00:25:50 25/5/2026 Backend root TIMEOUT 9012ms
  [OK]  Products API     HTTP 200  |  769ms  (BINH THUONG)
  [OK]  Orders API       HTTP 200  |  1177ms  (BINH THUONG)
  [OK]  Members API      HTTP 200  |  505ms  (NHANH)
  [OK]  Logs API         HTTP 200  |  507ms  (NHANH)

[2] NHAT KY LOI HE THONG & KHACH HANG
-----------------------------------------------------------------
  [OK]  Products API     HTTP 200  |  2633ms  (CHAM - can toi uu payload/base64)
  Tong hop 24 gio qua: Tong=0  |  CRITICAL:0  LOI:0  |  CANH BAO:0  |  INFO:0
  Khong co loi nghiem trong trong 24 gio qua. He thong on dinh!

  [OK] Khong tim thay log nao phu hop bo loc.

[3] THONG KE DON HANG
-----------------------------------------------------------------
  [OK]  Orders API       HTTP 200  |  721ms  (BINH THUONG)
  Tong don hang  : 18
  Don hom nay    : 0
  Cho xac nhan   : 5
  Dang xu ly     : 8
  Dang giao hang : 1
  Hoan thanh     : 3
  Da huy         : 1
  Chua thanh toan: 13  <-- Nen theo doi!
  Doanh thu (HT) : 1.460.000d

  Don can xu ly ngay:
    - DH202605243520  |  Đoàn Anh tiến  |  736.200d  |  23:12:47 24/5/2026
    - DH202605248469  |  Thuỳ Q8  |  690.000d  |  22:41:48 24/5/2026
    - DH202605207831  |  Đoàn Anh tiến  |  373.000d  |  17:02:18 20/5/2026
    - DH20260518705  |  thuỳ  |  700.000d  |  17:18:04 18/5/2026
    - DH20260518963  |  Đoàn Anh Tiến  |  380.000d  |  13:19:43 18/5/2026

=================================================================
Dang theo doi... Cap nhat sau 8s. [Q hoac Ctrl+C de thoat]
  [OK]  Members API      HTTP 200  |  492ms  (NHANH)
  [OK]  Logs API         HTTP 200  |  504ms  (NHANH)

[2] NHAT KY LOI HE THONG & KHACH HANG
-----------------------------------------------------------------
  Tong hop 24 gio qua: Tong=0  |  CRITICAL:0  LOI:0  |  CANH BAO:0  |  INFO:0
  Khong co loi nghiem trong trong 24 gio qua. He thong on dinh!

  [OK] Khong tim thay log nao phu hop bo loc.

[3] THONG KE DON HANG
-----------------------------------------------------------------
  Tong don hang  : 18
  Don hom nay    : 0
  Cho xac nhan   : 5
  Dang xu ly     : 8
  Dang giao hang : 1
  Hoan thanh     : 3
  Da huy         : 1
  Chua thanh toan: 13  <-- Nen theo doi!
  Doanh thu (HT) : 1.460.000d

  Don can xu ly ngay:
    - DH202605243520  |  Đoàn Anh tiến  |  736.200d  |  23:12:47 24/5/2026
    - DH202605248469  |  Thuỳ Q8  |  690.000d  |  22:41:48 24/5/2026
    - DH202605207831  |  Đoàn Anh tiến  |  373.000d  |  17:02:18 20/5/2026
    - DH20260518705  |  thuỳ  |  700.000d  |  17:18:04 18/5/2026
    - DH20260518963  |  Đoàn Anh Tiến  |  380.000d  |  13:19:43 18/5/2026

=================================================================
Dang theo doi... Cap nhat sau 8s. [Q hoac Ctrl+C de thoat]
=================================================================
   MADMAD STUDIO  |  LIVE LOG MONITOR v2.1
=================================================================
Server  : https://madmad-backend.vercel.app
Trangthai: DANG HOAT DONG (MONITORING...) | Cap nhat: 8s
Bo loc  : Level=ALL | Source=ALL | Limit=15
Phim tat: [Space/P] Pause/Resume | [R] Refresh | [L] Level | [S] Source | [+/-] Limit | [C] Clear Log File
File log: C:\Users\doana\Desktop\madmad\MadMad\Fashion-eCommerce-Website\madmad-monitor.log

[1] TRANG THAI HE THONG
-----------------------------------------------------------------
  [OK]  Backend root     HTTP 200  |  278ms  (NHANH)
  [OK]  Products API     HTTP 200  |  502ms  (NHANH)
  [OK]  Orders API       HTTP 200  |  978ms  (BINH THUONG)
  [OK]  Members API      HTTP 200  |  513ms  (NHANH)
  [OK]  Logs API         HTTP 200  |  482ms  (NHANH)

[2] NHAT KY LOI HE THONG & KHACH HANG
-----------------------------------------------------------------
  Tong hop 24 gio qua: Tong=0  |  CRITICAL:0  LOI:0  |  CANH BAO:0  |  INFO:0
  Khong co loi nghiem trong trong 24 gio qua. He thong on dinh!

  [OK] Khong tim thay log nao phu hop bo loc.

[3] THONG KE DON HANG
-----------------------------------------------------------------
  Tong don hang  : 18
  Don hom nay    : 0
  Cho xac nhan   : 5
  Dang xu ly     : 8
  Dang giao hang : 1
  Hoan thanh     : 3
  Da huy         : 1
  Chua thanh toan: 13  <-- Nen theo doi!
  Doanh thu (HT) : 1.460.000d

  Don can xu ly ngay:
    - DH202605243520  |  Đoàn Anh tiến  |  736.200d  |  23:12:47 24/5/2026
    - DH202605248469  |  Thuỳ Q8  |  690.000d  |  22:41:48 24/5/2026
    - DH202605207831  |  Đoàn Anh tiến  |  373.000d  |  17:02:18 20/5/2026
    - DH20260518705  |  thuỳ  |  700.000d  |  17:18:04 18/5/2026
    - DH20260518963  |  Đoàn Anh Tiến  |  380.000d  |  13:19:43 18/5/2026

=================================================================
Dang theo doi... Cap nhat sau 8s. [Q hoac Ctrl+C de thoat]
=================================================================
   MADMAD STUDIO  |  LIVE LOG MONITOR v2.1
=================================================================
Server  : https://madmad-backend.vercel.app
Trangthai: DANG HOAT DONG (MONITORING...) | Cap nhat: 8s
Bo loc  : Level=ALL | Source=ALL | Limit=15
Phim tat: [Space/P] Pause/Resume | [R] Refresh | [L] Level | [S] Source | [+/-] Limit | [C] Clear Log File
File log: C:\Users\doana\Desktop\madmad\MadMad\Fashion-eCommerce-Website\madmad-monitor.log

[1] TRANG THAI HE THONG
-----------------------------------------------------------------
  [OK]  Backend root     HTTP 200  |  276ms  (NHANH)
  [OK]  Products API     HTTP 200  |  913ms  (BINH THUONG)
  [OK]  Orders API       HTTP 200  |  1387ms  (BINH THUONG)
  [OK]  Members API      HTTP 200  |  703ms  (BINH THUONG)
  [OK]  Logs API         HTTP 200  |  727ms  (BINH THUONG)

[2] NHAT KY LOI HE THONG & KHACH HANG
-----------------------------------------------------------------
=================================================================
   MADMAD STUDIO  |  LIVE LOG MONITOR v2.1
=================================================================
Server  : https://madmad-backend.vercel.app
Trangthai: DANG HOAT DONG (MONITORING...) | Cap nhat: 8s
Bo loc  : Level=ALL | Source=ALL | Limit=15
Phim tat: [Space/P] Pause/Resume | [R] Refresh | [L] Level | [S] Source | [+/-] Limit | [C] Clear Log File
File log: C:\Users\doana\Desktop\madmad\MadMad\Fashion-eCommerce-Website\madmad-monitor.log

[1] TRANG THAI HE THONG
-----------------------------------------------------------------
  [OK]  Backend root     HTTP 200  |  267ms  (NHANH)
  [OK]  Products API     HTTP 200  |  729ms  (BINH THUONG)
  [OK]  Orders API       HTTP 200  |  732ms  (BINH THUONG)
  [OK]  Members API      HTTP 200  |  832ms  (BINH THUONG)
  [OK]  Logs API         HTTP 200  |  751ms  (BINH THUONG)

[2] NHAT KY LOI HE THONG & KHACH HANG
-----------------------------------------------------------------
  [LOI KET NOI] TIMEOUT

[3] THONG KE DON HANG
-----------------------------------------------------------------
  Tong hop 24 gio qua: Tong=0  |  CRITICAL:0  LOI:0  |  CANH BAO:0  |  INFO:0
  Khong co loi nghiem trong trong 24 gio qua. He thong on dinh!

  [OK] Khong tim thay log nao phu hop bo loc.

[3] THONG KE DON HANG
-----------------------------------------------------------------
=================================================================
   MADMAD STUDIO  |  LIVE LOG MONITOR v2.1
=================================================================
Server  : https://madmad-backend.vercel.app
Trangthai: DANG HOAT DONG (MONITORING...) | Cap nhat: 8s
Bo loc  : Level=ALL | Source=ALL | Limit=15
Phim tat: [Space/P] Pause/Resume | [R] Refresh | [L] Level | [S] Source | [+/-] Limit | [C] Clear Log File
File log: C:\Users\doana\Desktop\madmad\MadMad\Fashion-eCommerce-Website\madmad-monitor.log

[1] TRANG THAI HE THONG
-----------------------------------------------------------------
  [OK]  Backend root     HTTP 200  |  261ms  (NHANH)
  Tong don hang  : 18
  Don hom nay    : 0
  Cho xac nhan   : 5
  Dang xu ly     : 8
  Dang giao hang : 1
  Hoan thanh     : 3
  Da huy         : 1
  Chua thanh toan: 13  <-- Nen theo doi!
  Doanh thu (HT) : 1.460.000d

  Don can xu ly ngay:
    - DH202605243520  |  Đoàn Anh tiến  |  736.200d  |  23:12:47 24/5/2026
    - DH202605248469  |  Thuỳ Q8  |  690.000d  |  22:41:48 24/5/2026
    - DH202605207831  |  Đoàn Anh tiến  |  373.000d  |  17:02:18 20/5/2026
    - DH20260518705  |  thuỳ  |  700.000d  |  17:18:04 18/5/2026
    - DH20260518963  |  Đoàn Anh Tiến  |  380.000d  |  13:19:43 18/5/2026

=================================================================
Dang theo doi... Cap nhat sau 8s. [Q hoac Ctrl+C de thoat]
  Tong don hang  : 18
  Don hom nay    : 0
  Cho xac nhan   : 5
  Dang xu ly     : 8
  Dang giao hang : 1
  Hoan thanh     : 3
  Da huy         : 1
  Chua thanh toan: 13  <-- Nen theo doi!
  Doanh thu (HT) : 1.460.000d

  Don can xu ly ngay:
    - DH202605243520  |  Đoàn Anh tiến  |  736.200d  |  23:12:47 24/5/2026
    - DH202605248469  |  Thuỳ Q8  |  690.000d  |  22:41:48 24/5/2026
    - DH202605207831  |  Đoàn Anh tiến  |  373.000d  |  17:02:18 20/5/2026
    - DH20260518705  |  thuỳ  |  700.000d  |  17:18:04 18/5/2026
    - DH20260518963  |  Đoàn Anh Tiến  |  380.000d  |  13:19:43 18/5/2026

=================================================================
Dang theo doi... Cap nhat sau 8s. [Q hoac Ctrl+C de thoat]
  [OK]  Products API     HTTP 200  |  921ms  (BINH THUONG)
  [OK]  Orders API       HTTP 200  |  714ms  (BINH THUONG)
  [OK]  Members API      HTTP 200  |  491ms  (NHANH)
  [OK]  Logs API         HTTP 200  |  476ms  (NHANH)

[2] NHAT KY LOI HE THONG & KHACH HANG
-----------------------------------------------------------------
  Tong hop 24 gio qua: Tong=0  |  CRITICAL:0  LOI:0  |  CANH BAO:0  |  INFO:0
  Khong co loi nghiem trong trong 24 gio qua. He thong on dinh!

  [OK] Khong tim thay log nao phu hop bo loc.

[3] THONG KE DON HANG
-----------------------------------------------------------------
  Tong don hang  : 18
  Don hom nay    : 0
  Cho xac nhan   : 5
  Dang xu ly     : 8
  Dang giao hang : 1
  Hoan thanh     : 3
  Da huy         : 1
  Chua thanh toan: 13  <-- Nen theo doi!
  Doanh thu (HT) : 1.460.000d

  Don can xu ly ngay:
    - DH202605243520  |  Đoàn Anh tiến  |  736.200d  |  23:12:47 24/5/2026
    - DH202605248469  |  Thuỳ Q8  |  690.000d  |  22:41:48 24/5/2026
    - DH202605207831  |  Đoàn Anh tiến  |  373.000d  |  17:02:18 20/5/2026
    - DH20260518705  |  thuỳ  |  700.000d  |  17:18:04 18/5/2026
    - DH20260518963  |  Đoàn Anh Tiến  |  380.000d  |  13:19:43 18/5/2026

=================================================================
Dang theo doi... Cap nhat sau 8s. [Q hoac Ctrl+C de thoat]
=================================================================
   MADMAD STUDIO  |  LIVE LOG MONITOR v2.1
=================================================================
Server  : https://madmad-backend.vercel.app
Trangthai: DANG HOAT DONG (MONITORING...) | Cap nhat: 8s
Bo loc  : Level=ALL | Source=ALL | Limit=15
Phim tat: [Space/P] Pause/Resume | [R] Refresh | [L] Level | [S] Source | [+/-] Limit | [C] Clear Log File
File log: C:\Users\doana\Desktop\madmad\MadMad\Fashion-eCommerce-Website\madmad-monitor.log

[1] TRANG THAI HE THONG
-----------------------------------------------------------------
  [OK]  Backend root     HTTP 200  |  269ms  (NHANH)
  [OK]  Products API     HTTP 200  |  740ms  (BINH THUONG)
=================================================================
   MADMAD STUDIO  |  LIVE LOG MONITOR v2.1
=================================================================
Server  : https://madmad-backend.vercel.app
Trangthai: TAM DUNG (PAUSED) | Cap nhat: 8s
Bo loc  : Level=ALL | Source=ALL | Limit=15
Phim tat: [Space/P] Pause/Resume | [R] Refresh | [L] Level | [S] Source | [+/-] Limit | [C] Clear Log File
File log: C:\Users\doana\Desktop\madmad\MadMad\Fashion-eCommerce-Website\madmad-monitor.log


  [TAM DUNG] Da tam dung auto-refresh. Nhan Space hoac P de tiep tuc.
  Ban co the thoai mai cuon terminal de xem log cu ma khong so bi tu dong day len.

  [OK]  Orders API       HTTP 200  |  716ms  (BINH THUONG)
  [OK]  Members API      HTTP 200  |  488ms  (NHANH)
  [OK]  Logs API         HTTP 200  |  477ms  (NHANH)

[2] NHAT KY LOI HE THONG & KHACH HANG
-----------------------------------------------------------------
  Tong hop 24 gio qua: Tong=0  |  CRITICAL:0  LOI:0  |  CANH BAO:0  |  INFO:0
  Khong co loi nghiem trong trong 24 gio qua. He thong on dinh!

  [OK] Khong tim thay log nao phu hop bo loc.

[3] THONG KE DON HANG
-----------------------------------------------------------------
  Tong don hang  : 18
  Don hom nay    : 0
  Cho xac nhan   : 5
  Dang xu ly     : 8
  Dang giao hang : 1
  Hoan thanh     : 3
  Da huy         : 1
  Chua thanh toan: 13  <-- Nen theo doi!
  Doanh thu (HT) : 1.460.000d

  Don can xu ly ngay:
    - DH202605243520  |  Đoàn Anh tiến  |  736.200d  |  23:12:47 24/5/2026
    - DH202605248469  |  Thuỳ Q8  |  690.000d  |  22:41:48 24/5/2026
    - DH202605207831  |  Đoàn Anh tiến  |  373.000d  |  17:02:18 20/5/2026
    - DH20260518705  |  thuỳ  |  700.000d  |  17:18:04 18/5/2026
    - DH20260518963  |  Đoàn Anh Tiến  |  380.000d  |  13:19:43 18/5/2026

=================================================================
[TAM DUNG AUTO-REFRESH] Nhan Space/P de tiep tuc.
